1970-02-19 02:32:00,274 - myLogging.py:38 - Starting QMC with 4 XLA devices.
1970-02-19 02:32:28,250 - pretrain.py:260 - Pretrain iter 00000: 0.0740022
1970-02-19 02:32:28,285 - pretrain.py:260 - Pretrain iter 00001: 0.0444106
1970-02-19 02:32:28,306 - pretrain.py:260 - Pretrain iter 00002: 0.0273788
1970-02-19 02:32:28,327 - pretrain.py:260 - Pretrain iter 00003: 0.0196934
1970-02-19 02:32:28,348 - pretrain.py:260 - Pretrain iter 00004: 0.0171241
1970-02-19 02:32:28,369 - pretrain.py:260 - Pretrain iter 00005: 0.0164689
1970-02-19 02:32:28,390 - pretrain.py:260 - Pretrain iter 00006: 0.0159472
1970-02-19 02:32:28,409 - pretrain.py:260 - Pretrain iter 00007: 0.0148605
1970-02-19 02:32:28,428 - pretrain.py:260 - Pretrain iter 00008: 0.0135768
1970-02-19 02:32:28,448 - pretrain.py:260 - Pretrain iter 00009: 0.0128226
1970-02-19 02:32:28,468 - pretrain.py:260 - Pretrain iter 00010: 0.0123108
1970-02-19 02:32:28,487 - pretrain.py:260 - Pretrain iter 00011: 0.0118884
1970-02-19 02:32:28,507 - pretrain.py:260 - Pretrain iter 00012: 0.0113298
1970-02-19 02:32:28,527 - pretrain.py:260 - Pretrain iter 00013: 0.0109234
1970-02-19 02:32:28,546 - pretrain.py:260 - Pretrain iter 00014: 0.0105823
1970-02-19 02:32:28,565 - pretrain.py:260 - Pretrain iter 00015: 0.0102764
1970-02-19 02:32:28,585 - pretrain.py:260 - Pretrain iter 00016: 0.00989349
1970-02-19 02:32:28,605 - pretrain.py:260 - Pretrain iter 00017: 0.00941232
1970-02-19 02:32:28,624 - pretrain.py:260 - Pretrain iter 00018: 0.00911631
1970-02-19 02:32:28,644 - pretrain.py:260 - Pretrain iter 00019: 0.00874902
1970-02-19 02:32:28,661 - pretrain.py:260 - Pretrain iter 00020: 0.00852866
1970-02-19 02:32:28,680 - pretrain.py:260 - Pretrain iter 00021: 0.00831664
1970-02-19 02:32:28,699 - pretrain.py:260 - Pretrain iter 00022: 0.00817935
1970-02-19 02:32:28,718 - pretrain.py:260 - Pretrain iter 00023: 0.00805229
1970-02-19 02:32:28,737 - pretrain.py:260 - Pretrain iter 00024: 0.00784182
1970-02-19 02:32:28,757 - pretrain.py:260 - Pretrain iter 00025: 0.00768854
1970-02-19 02:32:28,778 - pretrain.py:260 - Pretrain iter 00026: 0.0078364
1970-02-19 02:32:28,798 - pretrain.py:260 - Pretrain iter 00027: 0.0076395
1970-02-19 02:32:28,819 - pretrain.py:260 - Pretrain iter 00028: 0.00726267
1970-02-19 02:32:28,839 - pretrain.py:260 - Pretrain iter 00029: 0.00711876
1970-02-19 02:32:28,860 - pretrain.py:260 - Pretrain iter 00030: 0.00690641
1970-02-19 02:32:28,883 - pretrain.py:260 - Pretrain iter 00031: 0.00678021
1970-02-19 02:32:28,903 - pretrain.py:260 - Pretrain iter 00032: 0.00681507
1970-02-19 02:32:28,924 - pretrain.py:260 - Pretrain iter 00033: 0.00672792
1970-02-19 02:32:28,945 - pretrain.py:260 - Pretrain iter 00034: 0.00663307
1970-02-19 02:32:28,965 - pretrain.py:260 - Pretrain iter 00035: 0.00664651
1970-02-19 02:32:28,986 - pretrain.py:260 - Pretrain iter 00036: 0.00636476
1970-02-19 02:32:29,005 - pretrain.py:260 - Pretrain iter 00037: 0.00644155
1970-02-19 02:32:29,024 - pretrain.py:260 - Pretrain iter 00038: 0.00622808
1970-02-19 02:32:29,044 - pretrain.py:260 - Pretrain iter 00039: 0.00595078
1970-02-19 02:32:29,063 - pretrain.py:260 - Pretrain iter 00040: 0.00587644
1970-02-19 02:32:29,083 - pretrain.py:260 - Pretrain iter 00041: 0.00575465
1970-02-19 02:32:29,102 - pretrain.py:260 - Pretrain iter 00042: 0.0056589
1970-02-19 02:32:29,121 - pretrain.py:260 - Pretrain iter 00043: 0.00535956
1970-02-19 02:32:29,141 - pretrain.py:260 - Pretrain iter 00044: 0.00530849
1970-02-19 02:32:29,160 - pretrain.py:260 - Pretrain iter 00045: 0.0052083
1970-02-19 02:32:29,180 - pretrain.py:260 - Pretrain iter 00046: 0.00551631
1970-02-19 02:32:29,199 - pretrain.py:260 - Pretrain iter 00047: 0.00550537
1970-02-19 02:32:29,218 - pretrain.py:260 - Pretrain iter 00048: 0.00540155
1970-02-19 02:32:29,237 - pretrain.py:260 - Pretrain iter 00049: 0.00529158
1970-02-19 02:32:29,257 - pretrain.py:260 - Pretrain iter 00050: 0.00515321
1970-02-19 02:32:29,276 - pretrain.py:260 - Pretrain iter 00051: 0.00491278
1970-02-19 02:32:29,296 - pretrain.py:260 - Pretrain iter 00052: 0.00494015
1970-02-19 02:32:29,315 - pretrain.py:260 - Pretrain iter 00053: 0.00498922
1970-02-19 02:32:29,335 - pretrain.py:260 - Pretrain iter 00054: 0.00461411
1970-02-19 02:32:29,361 - pretrain.py:260 - Pretrain iter 00055: 0.0042814
1970-02-19 02:32:29,393 - pretrain.py:260 - Pretrain iter 00056: 0.00410968
1970-02-19 02:32:29,412 - pretrain.py:260 - Pretrain iter 00057: 0.00395974
1970-02-19 02:32:29,432 - pretrain.py:260 - Pretrain iter 00058: 0.00387887
1970-02-19 02:32:29,452 - pretrain.py:260 - Pretrain iter 00059: 0.00382149
1970-02-19 02:32:29,472 - pretrain.py:260 - Pretrain iter 00060: 0.00360815
1970-02-19 02:32:29,493 - pretrain.py:260 - Pretrain iter 00061: 0.00337217
1970-02-19 02:32:29,514 - pretrain.py:260 - Pretrain iter 00062: 0.00326764
1970-02-19 02:32:29,535 - pretrain.py:260 - Pretrain iter 00063: 0.00330179
1970-02-19 02:32:29,555 - pretrain.py:260 - Pretrain iter 00064: 0.00325148
1970-02-19 02:32:29,576 - pretrain.py:260 - Pretrain iter 00065: 0.00311074
1970-02-19 02:32:29,596 - pretrain.py:260 - Pretrain iter 00066: 0.00298421
1970-02-19 02:32:29,617 - pretrain.py:260 - Pretrain iter 00067: 0.00289646
1970-02-19 02:32:29,638 - pretrain.py:260 - Pretrain iter 00068: 0.00288411
1970-02-19 02:32:29,658 - pretrain.py:260 - Pretrain iter 00069: 0.00278338
1970-02-19 02:32:29,679 - pretrain.py:260 - Pretrain iter 00070: 0.00267028
1970-02-19 02:32:29,700 - pretrain.py:260 - Pretrain iter 00071: 0.00250304
1970-02-19 02:32:29,720 - pretrain.py:260 - Pretrain iter 00072: 0.00261205
1970-02-19 02:32:29,741 - pretrain.py:260 - Pretrain iter 00073: 0.00248422
1970-02-19 02:32:29,762 - pretrain.py:260 - Pretrain iter 00074: 0.00240242
1970-02-19 02:32:29,782 - pretrain.py:260 - Pretrain iter 00075: 0.00226521
1970-02-19 02:32:29,803 - pretrain.py:260 - Pretrain iter 00076: 0.00221291
1970-02-19 02:32:29,823 - pretrain.py:260 - Pretrain iter 00077: 0.00220002
1970-02-19 02:32:29,843 - pretrain.py:260 - Pretrain iter 00078: 0.00204913
1970-02-19 02:32:29,862 - pretrain.py:260 - Pretrain iter 00079: 0.00190484
1970-02-19 02:32:29,881 - pretrain.py:260 - Pretrain iter 00080: 0.00186914
1970-02-19 02:32:29,901 - pretrain.py:260 - Pretrain iter 00081: 0.00179576
1970-02-19 02:32:29,921 - pretrain.py:260 - Pretrain iter 00082: 0.00173152
1970-02-19 02:32:29,940 - pretrain.py:260 - Pretrain iter 00083: 0.00173875
1970-02-19 02:32:29,959 - pretrain.py:260 - Pretrain iter 00084: 0.00163102
1970-02-19 02:32:29,978 - pretrain.py:260 - Pretrain iter 00085: 0.00161828
1970-02-19 02:32:29,998 - pretrain.py:260 - Pretrain iter 00086: 0.00158667
1970-02-19 02:32:30,017 - pretrain.py:260 - Pretrain iter 00087: 0.00156634
1970-02-19 02:32:30,038 - pretrain.py:260 - Pretrain iter 00088: 0.00152771
1970-02-19 02:32:30,058 - pretrain.py:260 - Pretrain iter 00089: 0.00158009
1970-02-19 02:32:30,078 - pretrain.py:260 - Pretrain iter 00090: 0.00154463
1970-02-19 02:32:30,098 - pretrain.py:260 - Pretrain iter 00091: 0.00146251
1970-02-19 02:32:30,118 - pretrain.py:260 - Pretrain iter 00092: 0.00142428
1970-02-19 02:32:30,138 - pretrain.py:260 - Pretrain iter 00093: 0.00141189
1970-02-19 02:32:30,159 - pretrain.py:260 - Pretrain iter 00094: 0.00139121
1970-02-19 02:32:30,179 - pretrain.py:260 - Pretrain iter 00095: 0.0014685
1970-02-19 02:32:30,200 - pretrain.py:260 - Pretrain iter 00096: 0.00149083
1970-02-19 02:32:30,220 - pretrain.py:260 - Pretrain iter 00097: 0.00142501
1970-02-19 02:32:30,241 - pretrain.py:260 - Pretrain iter 00098: 0.00138843
1970-02-19 02:32:30,261 - pretrain.py:260 - Pretrain iter 00099: 0.00132477
1970-02-19 02:32:33,865 - tag_graph_matcher.py:518 - Matching graph pattern scale_and_shift
1970-02-19 02:32:33,915 - tag_graph_matcher.py:518 - Matching graph pattern conv2d_with_bias
1970-02-19 02:32:33,931 - tag_graph_matcher.py:518 - Matching graph pattern dense_with_bias
1970-02-19 02:32:33,946 - tag_graph_matcher.py:518 - Matching graph pattern scale_only
1970-02-19 02:32:33,957 - tag_graph_matcher.py:518 - Matching graph pattern conv2d_no_bias
1970-02-19 02:32:33,963 - tag_graph_matcher.py:518 - Matching graph pattern dense_no_bias
1970-02-19 02:32:33,970 - tag_graph_matcher.py:552 - ==================================================
1970-02-19 02:32:33,971 - tag_graph_matcher.py:553 - Graph parameter registrations:
1970-02-19 02:32:33,971 - tag_graph_matcher.py:554 - [{'double': [{'b': 'Manual[repeated_dense_tag_1]', 'w': 'Manual[repeated_dense_tag_1]'}, {'b': 'Manual[repeated_dense_tag_3]', 'w': 'Manual[repeated_dense_tag_3]'}, {'b': 'Manual[repeated_dense_tag_5]', 'w': 'Manual[repeated_dense_tag_5]'}], 'envelope': [{'pi': 'Auto[scale_only_1]', 'sigma': 'Manual[qmc1_tag_0]'}, {'pi': 'Auto[scale_only_0]', 'sigma': 'Manual[qmc1_tag_1]'}], 'orbital': [{'w': 'Manual[repeated_dense_tag_7]'}, {'w': 'Manual[repeated_dense_tag_8]'}], 'single': [{'b': 'Manual[repeated_dense_tag_0]', 'w': 'Manual[repeated_dense_tag_0]'}, {'b': 'Manual[repeated_dense_tag_2]', 'w': 'Manual[repeated_dense_tag_2]'}, {'b': 'Manual[repeated_dense_tag_4]', 'w': 'Manual[repeated_dense_tag_4]'}, {'b': 'Manual[repeated_dense_tag_6]', 'w': 'Manual[repeated_dense_tag_6]'}]}]
1970-02-19 02:32:33,971 - tag_graph_matcher.py:555 - ==================================================
1970-02-19 02:32:36,300 - myLogging.py:38 - Burning in MCMC chain for 100 steps
1970-02-19 02:32:42,442 - myLogging.py:38 - Completed burn-in MCMC steps
1970-02-19 02:32:51,318 - myLogging.py:38 - Initial energy: [-5.346225 -5.346225 -5.346225 -5.346225] E_h
