1970-02-15 13:48:15,261 - myLogging.py:38 - Starting QMC with 1 XLA devices.
1970-02-15 13:48:30,973 - pretrain.py:260 - Pretrain iter 00000: 0.0740022
1970-02-15 13:48:31,000 - pretrain.py:260 - Pretrain iter 00001: 0.0444296
1970-02-15 13:48:31,014 - pretrain.py:260 - Pretrain iter 00002: 0.0274277
1970-02-15 13:48:31,026 - pretrain.py:260 - Pretrain iter 00003: 0.0197077
1970-02-15 13:48:31,037 - pretrain.py:260 - Pretrain iter 00004: 0.0173277
1970-02-15 13:48:31,047 - pretrain.py:260 - Pretrain iter 00005: 0.0165658
1970-02-15 13:48:31,057 - pretrain.py:260 - Pretrain iter 00006: 0.0158626
1970-02-15 13:48:31,068 - pretrain.py:260 - Pretrain iter 00007: 0.0146868
1970-02-15 13:48:31,078 - pretrain.py:260 - Pretrain iter 00008: 0.013771
1970-02-15 13:48:31,089 - pretrain.py:260 - Pretrain iter 00009: 0.0127303
1970-02-15 13:48:31,100 - pretrain.py:260 - Pretrain iter 00010: 0.0120961
1970-02-15 13:48:31,111 - pretrain.py:260 - Pretrain iter 00011: 0.011731
1970-02-15 13:48:31,121 - pretrain.py:260 - Pretrain iter 00012: 0.0114737
1970-02-15 13:48:31,149 - pretrain.py:260 - Pretrain iter 00013: 0.0110272
1970-02-15 13:48:31,160 - pretrain.py:260 - Pretrain iter 00014: 0.0106462
1970-02-15 13:48:31,171 - pretrain.py:260 - Pretrain iter 00015: 0.0101416
1970-02-15 13:48:31,182 - pretrain.py:260 - Pretrain iter 00016: 0.00954205
1970-02-15 13:48:31,193 - pretrain.py:260 - Pretrain iter 00017: 0.00911658
1970-02-15 13:48:31,204 - pretrain.py:260 - Pretrain iter 00018: 0.00862124
1970-02-15 13:48:31,216 - pretrain.py:260 - Pretrain iter 00019: 0.00817705
1970-02-15 13:48:31,228 - pretrain.py:260 - Pretrain iter 00020: 0.00800276
1970-02-15 13:48:31,239 - pretrain.py:260 - Pretrain iter 00021: 0.00817644
1970-02-15 13:48:31,251 - pretrain.py:260 - Pretrain iter 00022: 0.00782552
1970-02-15 13:48:31,263 - pretrain.py:260 - Pretrain iter 00023: 0.00720449
1970-02-15 13:48:31,275 - pretrain.py:260 - Pretrain iter 00024: 0.00702222
1970-02-15 13:48:31,287 - pretrain.py:260 - Pretrain iter 00025: 0.00684198
1970-02-15 13:48:31,298 - pretrain.py:260 - Pretrain iter 00026: 0.00663528
1970-02-15 13:48:31,310 - pretrain.py:260 - Pretrain iter 00027: 0.00666969
1970-02-15 13:48:31,323 - pretrain.py:260 - Pretrain iter 00028: 0.00661119
1970-02-15 13:48:31,335 - pretrain.py:260 - Pretrain iter 00029: 0.00650096
1970-02-15 13:48:31,347 - pretrain.py:260 - Pretrain iter 00030: 0.00655809
1970-02-15 13:48:31,359 - pretrain.py:260 - Pretrain iter 00031: 0.0063913
1970-02-15 13:48:31,372 - pretrain.py:260 - Pretrain iter 00032: 0.00648024
1970-02-15 13:48:31,384 - pretrain.py:260 - Pretrain iter 00033: 0.00615471
1970-02-15 13:48:31,396 - pretrain.py:260 - Pretrain iter 00034: 0.00601709
1970-02-15 13:48:31,409 - pretrain.py:260 - Pretrain iter 00035: 0.00612779
1970-02-15 13:48:31,422 - pretrain.py:260 - Pretrain iter 00036: 0.00611924
1970-02-15 13:48:31,435 - pretrain.py:260 - Pretrain iter 00037: 0.00597233
1970-02-15 13:48:31,448 - pretrain.py:260 - Pretrain iter 00038: 0.00574068
1970-02-15 13:48:31,462 - pretrain.py:260 - Pretrain iter 00039: 0.00561897
1970-02-15 13:48:31,475 - pretrain.py:260 - Pretrain iter 00040: 0.00548497
1970-02-15 13:48:31,488 - pretrain.py:260 - Pretrain iter 00041: 0.00526222
1970-02-15 13:48:31,501 - pretrain.py:260 - Pretrain iter 00042: 0.00531556
1970-02-15 13:48:31,514 - pretrain.py:260 - Pretrain iter 00043: 0.00535936
1970-02-15 13:48:31,528 - pretrain.py:260 - Pretrain iter 00044: 0.00522867
1970-02-15 13:48:31,541 - pretrain.py:260 - Pretrain iter 00045: 0.00507008
1970-02-15 13:48:31,555 - pretrain.py:260 - Pretrain iter 00046: 0.00493753
1970-02-15 13:48:31,568 - pretrain.py:260 - Pretrain iter 00047: 0.00474829
1970-02-15 13:48:31,582 - pretrain.py:260 - Pretrain iter 00048: 0.00441655
1970-02-15 13:48:31,596 - pretrain.py:260 - Pretrain iter 00049: 0.00431933
1970-02-15 13:48:31,609 - pretrain.py:260 - Pretrain iter 00050: 0.00417157
1970-02-15 13:48:31,630 - pretrain.py:260 - Pretrain iter 00051: 0.00400424
1970-02-15 13:48:31,644 - pretrain.py:260 - Pretrain iter 00052: 0.00400093
1970-02-15 13:48:31,658 - pretrain.py:260 - Pretrain iter 00053: 0.0036316
1970-02-15 13:48:31,672 - pretrain.py:260 - Pretrain iter 00054: 0.00356966
1970-02-15 13:48:31,686 - pretrain.py:260 - Pretrain iter 00055: 0.00336985
1970-02-15 13:48:31,701 - pretrain.py:260 - Pretrain iter 00056: 0.0032732
1970-02-15 13:48:31,715 - pretrain.py:260 - Pretrain iter 00057: 0.00322164
1970-02-15 13:48:31,730 - pretrain.py:260 - Pretrain iter 00058: 0.0032812
1970-02-15 13:48:31,744 - pretrain.py:260 - Pretrain iter 00059: 0.00320099
1970-02-15 13:48:31,759 - pretrain.py:260 - Pretrain iter 00060: 0.00301044
1970-02-15 13:48:31,774 - pretrain.py:260 - Pretrain iter 00061: 0.00290804
1970-02-15 13:48:31,789 - pretrain.py:260 - Pretrain iter 00062: 0.00277007
1970-02-15 13:48:31,804 - pretrain.py:260 - Pretrain iter 00063: 0.00276244
1970-02-15 13:48:31,819 - pretrain.py:260 - Pretrain iter 00064: 0.0026875
1970-02-15 13:48:31,834 - pretrain.py:260 - Pretrain iter 00065: 0.00265169
1970-02-15 13:48:31,849 - pretrain.py:260 - Pretrain iter 00066: 0.00252119
1970-02-15 13:48:31,865 - pretrain.py:260 - Pretrain iter 00067: 0.00245292
1970-02-15 13:48:31,881 - pretrain.py:260 - Pretrain iter 00068: 0.00238105
1970-02-15 13:48:31,896 - pretrain.py:260 - Pretrain iter 00069: 0.00230112
1970-02-15 13:48:31,912 - pretrain.py:260 - Pretrain iter 00070: 0.00225795
1970-02-15 13:48:31,928 - pretrain.py:260 - Pretrain iter 00071: 0.0022265
1970-02-15 13:48:31,944 - pretrain.py:260 - Pretrain iter 00072: 0.00223744
1970-02-15 13:48:31,959 - pretrain.py:260 - Pretrain iter 00073: 0.00218229
1970-02-15 13:48:31,975 - pretrain.py:260 - Pretrain iter 00074: 0.00209009
1970-02-15 13:48:31,991 - pretrain.py:260 - Pretrain iter 00075: 0.00200238
1970-02-15 13:48:32,007 - pretrain.py:260 - Pretrain iter 00076: 0.0019344
1970-02-15 13:48:32,024 - pretrain.py:260 - Pretrain iter 00077: 0.00192751
1970-02-15 13:48:32,041 - pretrain.py:260 - Pretrain iter 00078: 0.00192383
1970-02-15 13:48:32,058 - pretrain.py:260 - Pretrain iter 00079: 0.00184836
1970-02-15 13:48:32,076 - pretrain.py:260 - Pretrain iter 00080: 0.00184386
1970-02-15 13:48:32,122 - pretrain.py:260 - Pretrain iter 00081: 0.00173004
1970-02-15 13:48:32,138 - pretrain.py:260 - Pretrain iter 00082: 0.00164709
1970-02-15 13:48:32,164 - pretrain.py:260 - Pretrain iter 00083: 0.00157211
1970-02-15 13:48:32,200 - pretrain.py:260 - Pretrain iter 00084: 0.00150029
1970-02-15 13:48:32,230 - pretrain.py:260 - Pretrain iter 00085: 0.00147748
1970-02-15 13:48:32,252 - pretrain.py:260 - Pretrain iter 00086: 0.00142794
1970-02-15 13:48:32,276 - pretrain.py:260 - Pretrain iter 00087: 0.0013785
1970-02-15 13:48:32,302 - pretrain.py:260 - Pretrain iter 00088: 0.00136038
1970-02-15 13:48:32,332 - pretrain.py:260 - Pretrain iter 00089: 0.00134138
1970-02-15 13:48:32,364 - pretrain.py:260 - Pretrain iter 00090: 0.00131346
1970-02-15 13:48:32,396 - pretrain.py:260 - Pretrain iter 00091: 0.00127937
1970-02-15 13:48:32,428 - pretrain.py:260 - Pretrain iter 00092: 0.00122992
1970-02-15 13:48:32,456 - pretrain.py:260 - Pretrain iter 00093: 0.00119571
1970-02-15 13:48:32,478 - pretrain.py:260 - Pretrain iter 00094: 0.00119887
1970-02-15 13:48:32,496 - pretrain.py:260 - Pretrain iter 00095: 0.00119703
1970-02-15 13:48:32,515 - pretrain.py:260 - Pretrain iter 00096: 0.00117628
1970-02-15 13:48:32,534 - pretrain.py:260 - Pretrain iter 00097: 0.00116564
1970-02-15 13:48:32,553 - pretrain.py:260 - Pretrain iter 00098: 0.00114365
1970-02-15 13:48:32,573 - pretrain.py:260 - Pretrain iter 00099: 0.00112638
1970-02-15 13:48:36,161 - tag_graph_matcher.py:518 - Matching graph pattern scale_and_shift
1970-02-15 13:48:36,212 - tag_graph_matcher.py:518 - Matching graph pattern conv2d_with_bias
1970-02-15 13:48:36,228 - tag_graph_matcher.py:518 - Matching graph pattern dense_with_bias
1970-02-15 13:48:36,244 - tag_graph_matcher.py:518 - Matching graph pattern scale_only
1970-02-15 13:48:36,254 - tag_graph_matcher.py:518 - Matching graph pattern conv2d_no_bias
1970-02-15 13:48:36,261 - tag_graph_matcher.py:518 - Matching graph pattern dense_no_bias
1970-02-15 13:48:36,268 - tag_graph_matcher.py:552 - ==================================================
1970-02-15 13:48:36,268 - tag_graph_matcher.py:553 - Graph parameter registrations:
1970-02-15 13:48:36,268 - tag_graph_matcher.py:554 - [{'double': [{'b': 'Manual[repeated_dense_tag_1]', 'w': 'Manual[repeated_dense_tag_1]'}, {'b': 'Manual[repeated_dense_tag_3]', 'w': 'Manual[repeated_dense_tag_3]'}, {'b': 'Manual[repeated_dense_tag_5]', 'w': 'Manual[repeated_dense_tag_5]'}], 'envelope': [{'pi': 'Auto[scale_only_0]', 'sigma': 'Manual[qmc1_tag_0]'}, {'pi': 'Auto[scale_only_1]', 'sigma': 'Manual[qmc1_tag_1]'}], 'orbital': [{'w': 'Manual[repeated_dense_tag_7]'}, {'w': 'Manual[repeated_dense_tag_8]'}], 'single': [{'b': 'Manual[repeated_dense_tag_0]', 'w': 'Manual[repeated_dense_tag_0]'}, {'b': 'Manual[repeated_dense_tag_2]', 'w': 'Manual[repeated_dense_tag_2]'}, {'b': 'Manual[repeated_dense_tag_4]', 'w': 'Manual[repeated_dense_tag_4]'}, {'b': 'Manual[repeated_dense_tag_6]', 'w': 'Manual[repeated_dense_tag_6]'}]}]
1970-02-15 13:48:36,268 - tag_graph_matcher.py:555 - ==================================================
