1970-02-15 13:43:57,096 - myLogging.py:38 - Starting QMC with 1 XLA devices.
1970-02-15 13:44:11,940 - pretrain.py:260 - Pretrain iter 00000: 0.0740022
1970-02-15 13:44:11,966 - pretrain.py:260 - Pretrain iter 00001: 0.0444296
1970-02-15 13:44:11,977 - pretrain.py:260 - Pretrain iter 00002: 0.0274277
1970-02-15 13:44:11,988 - pretrain.py:260 - Pretrain iter 00003: 0.0197077
1970-02-15 13:44:11,999 - pretrain.py:260 - Pretrain iter 00004: 0.0173277
1970-02-15 13:44:12,010 - pretrain.py:260 - Pretrain iter 00005: 0.0165658
1970-02-15 13:44:12,021 - pretrain.py:260 - Pretrain iter 00006: 0.0158626
1970-02-15 13:44:12,033 - pretrain.py:260 - Pretrain iter 00007: 0.0146868
1970-02-15 13:44:12,044 - pretrain.py:260 - Pretrain iter 00008: 0.013771
1970-02-15 13:44:12,055 - pretrain.py:260 - Pretrain iter 00009: 0.0127303
1970-02-15 13:44:12,066 - pretrain.py:260 - Pretrain iter 00010: 0.0120961
1970-02-15 13:44:12,078 - pretrain.py:260 - Pretrain iter 00011: 0.011731
1970-02-15 13:44:12,089 - pretrain.py:260 - Pretrain iter 00012: 0.0114737
1970-02-15 13:44:12,108 - pretrain.py:260 - Pretrain iter 00013: 0.0110272
1970-02-15 13:44:12,120 - pretrain.py:260 - Pretrain iter 00014: 0.0106462
1970-02-15 13:44:12,131 - pretrain.py:260 - Pretrain iter 00015: 0.0101416
1970-02-15 13:44:12,142 - pretrain.py:260 - Pretrain iter 00016: 0.00954205
1970-02-15 13:44:12,153 - pretrain.py:260 - Pretrain iter 00017: 0.00911658
1970-02-15 13:44:12,165 - pretrain.py:260 - Pretrain iter 00018: 0.00862124
1970-02-15 13:44:12,176 - pretrain.py:260 - Pretrain iter 00019: 0.00817705
1970-02-15 13:44:12,187 - pretrain.py:260 - Pretrain iter 00020: 0.00800276
1970-02-15 13:44:12,200 - pretrain.py:260 - Pretrain iter 00021: 0.00817644
1970-02-15 13:44:12,211 - pretrain.py:260 - Pretrain iter 00022: 0.00782552
1970-02-15 13:44:12,222 - pretrain.py:260 - Pretrain iter 00023: 0.00720449
1970-02-15 13:44:12,241 - pretrain.py:260 - Pretrain iter 00024: 0.00702222
1970-02-15 13:44:12,252 - pretrain.py:260 - Pretrain iter 00025: 0.00684198
1970-02-15 13:44:12,264 - pretrain.py:260 - Pretrain iter 00026: 0.00663528
1970-02-15 13:44:12,276 - pretrain.py:260 - Pretrain iter 00027: 0.00666969
1970-02-15 13:44:12,287 - pretrain.py:260 - Pretrain iter 00028: 0.00661119
1970-02-15 13:44:12,300 - pretrain.py:260 - Pretrain iter 00029: 0.00650096
1970-02-15 13:44:12,312 - pretrain.py:260 - Pretrain iter 00030: 0.00655809
1970-02-15 13:44:12,326 - pretrain.py:260 - Pretrain iter 00031: 0.0063913
1970-02-15 13:44:12,338 - pretrain.py:260 - Pretrain iter 00032: 0.00648024
1970-02-15 13:44:12,350 - pretrain.py:260 - Pretrain iter 00033: 0.00615471
1970-02-15 13:44:12,362 - pretrain.py:260 - Pretrain iter 00034: 0.00601709
1970-02-15 13:44:12,375 - pretrain.py:260 - Pretrain iter 00035: 0.00612779
1970-02-15 13:44:12,387 - pretrain.py:260 - Pretrain iter 00036: 0.00611924
1970-02-15 13:44:12,400 - pretrain.py:260 - Pretrain iter 00037: 0.00597233
1970-02-15 13:44:12,413 - pretrain.py:260 - Pretrain iter 00038: 0.00574068
1970-02-15 13:44:12,426 - pretrain.py:260 - Pretrain iter 00039: 0.00561897
1970-02-15 13:44:12,439 - pretrain.py:260 - Pretrain iter 00040: 0.00548497
1970-02-15 13:44:12,451 - pretrain.py:260 - Pretrain iter 00041: 0.00526222
1970-02-15 13:44:12,464 - pretrain.py:260 - Pretrain iter 00042: 0.00531556
1970-02-15 13:44:12,477 - pretrain.py:260 - Pretrain iter 00043: 0.00535936
1970-02-15 13:44:12,490 - pretrain.py:260 - Pretrain iter 00044: 0.00522867
1970-02-15 13:44:12,504 - pretrain.py:260 - Pretrain iter 00045: 0.00507008
1970-02-15 13:44:12,518 - pretrain.py:260 - Pretrain iter 00046: 0.00493753
1970-02-15 13:44:12,535 - pretrain.py:260 - Pretrain iter 00047: 0.00474829
1970-02-15 13:44:12,549 - pretrain.py:260 - Pretrain iter 00048: 0.00441655
1970-02-15 13:44:12,563 - pretrain.py:260 - Pretrain iter 00049: 0.00431933
1970-02-15 13:44:12,596 - pretrain.py:260 - Pretrain iter 00050: 0.00417157
1970-02-15 13:44:12,632 - pretrain.py:260 - Pretrain iter 00051: 0.00400424
1970-02-15 13:44:12,646 - pretrain.py:260 - Pretrain iter 00052: 0.00400093
1970-02-15 13:44:12,681 - pretrain.py:260 - Pretrain iter 00053: 0.0036316
1970-02-15 13:44:12,695 - pretrain.py:260 - Pretrain iter 00054: 0.00356966
1970-02-15 13:44:12,712 - pretrain.py:260 - Pretrain iter 00055: 0.00336985
1970-02-15 13:44:12,727 - pretrain.py:260 - Pretrain iter 00056: 0.0032732
1970-02-15 13:44:12,744 - pretrain.py:260 - Pretrain iter 00057: 0.00322164
1970-02-15 13:44:12,759 - pretrain.py:260 - Pretrain iter 00058: 0.0032812
1970-02-15 13:44:12,782 - pretrain.py:260 - Pretrain iter 00059: 0.00320099
1970-02-15 13:44:12,798 - pretrain.py:260 - Pretrain iter 00060: 0.00301044
1970-02-15 13:44:12,812 - pretrain.py:260 - Pretrain iter 00061: 0.00290804
1970-02-15 13:44:12,828 - pretrain.py:260 - Pretrain iter 00062: 0.00277007
1970-02-15 13:44:12,847 - pretrain.py:260 - Pretrain iter 00063: 0.00276244
1970-02-15 13:44:12,871 - pretrain.py:260 - Pretrain iter 00064: 0.0026875
1970-02-15 13:44:12,900 - pretrain.py:260 - Pretrain iter 00065: 0.00265169
1970-02-15 13:44:12,928 - pretrain.py:260 - Pretrain iter 00066: 0.00252119
1970-02-15 13:44:12,954 - pretrain.py:260 - Pretrain iter 00067: 0.00245292
1970-02-15 13:44:12,970 - pretrain.py:260 - Pretrain iter 00068: 0.00238105
1970-02-15 13:44:12,990 - pretrain.py:260 - Pretrain iter 00069: 0.00230112
1970-02-15 13:44:13,020 - pretrain.py:260 - Pretrain iter 00070: 0.00225795
1970-02-15 13:44:13,049 - pretrain.py:260 - Pretrain iter 00071: 0.0022265
1970-02-15 13:44:13,065 - pretrain.py:260 - Pretrain iter 00072: 0.00223744
1970-02-15 13:44:13,081 - pretrain.py:260 - Pretrain iter 00073: 0.00218229
1970-02-15 13:44:13,097 - pretrain.py:260 - Pretrain iter 00074: 0.00209009
1970-02-15 13:44:13,112 - pretrain.py:260 - Pretrain iter 00075: 0.00200238
1970-02-15 13:44:13,129 - pretrain.py:260 - Pretrain iter 00076: 0.0019344
1970-02-15 13:44:13,145 - pretrain.py:260 - Pretrain iter 00077: 0.00192751
1970-02-15 13:44:13,162 - pretrain.py:260 - Pretrain iter 00078: 0.00192383
1970-02-15 13:44:13,178 - pretrain.py:260 - Pretrain iter 00079: 0.00184836
1970-02-15 13:44:13,194 - pretrain.py:260 - Pretrain iter 00080: 0.00184386
1970-02-15 13:44:13,211 - pretrain.py:260 - Pretrain iter 00081: 0.00173004
1970-02-15 13:44:13,227 - pretrain.py:260 - Pretrain iter 00082: 0.00164709
1970-02-15 13:44:13,244 - pretrain.py:260 - Pretrain iter 00083: 0.00157211
1970-02-15 13:44:13,266 - pretrain.py:260 - Pretrain iter 00084: 0.00150029
1970-02-15 13:44:13,284 - pretrain.py:260 - Pretrain iter 00085: 0.00147748
1970-02-15 13:44:13,301 - pretrain.py:260 - Pretrain iter 00086: 0.00142794
1970-02-15 13:44:13,318 - pretrain.py:260 - Pretrain iter 00087: 0.0013785
1970-02-15 13:44:13,335 - pretrain.py:260 - Pretrain iter 00088: 0.00136038
1970-02-15 13:44:13,352 - pretrain.py:260 - Pretrain iter 00089: 0.00134138
1970-02-15 13:44:13,370 - pretrain.py:260 - Pretrain iter 00090: 0.00131346
1970-02-15 13:44:13,387 - pretrain.py:260 - Pretrain iter 00091: 0.00127937
1970-02-15 13:44:13,404 - pretrain.py:260 - Pretrain iter 00092: 0.00122992
1970-02-15 13:44:13,422 - pretrain.py:260 - Pretrain iter 00093: 0.00119571
1970-02-15 13:44:13,440 - pretrain.py:260 - Pretrain iter 00094: 0.00119887
1970-02-15 13:44:13,457 - pretrain.py:260 - Pretrain iter 00095: 0.00119703
1970-02-15 13:44:13,475 - pretrain.py:260 - Pretrain iter 00096: 0.00117628
1970-02-15 13:44:13,493 - pretrain.py:260 - Pretrain iter 00097: 0.00116564
1970-02-15 13:44:13,511 - pretrain.py:260 - Pretrain iter 00098: 0.00114365
1970-02-15 13:44:13,529 - pretrain.py:260 - Pretrain iter 00099: 0.00112638
1970-02-15 13:44:17,030 - tag_graph_matcher.py:518 - Matching graph pattern scale_and_shift
1970-02-15 13:44:17,079 - tag_graph_matcher.py:518 - Matching graph pattern conv2d_with_bias
1970-02-15 13:44:17,094 - tag_graph_matcher.py:518 - Matching graph pattern dense_with_bias
1970-02-15 13:44:17,109 - tag_graph_matcher.py:518 - Matching graph pattern scale_only
1970-02-15 13:44:17,120 - tag_graph_matcher.py:518 - Matching graph pattern conv2d_no_bias
1970-02-15 13:44:17,127 - tag_graph_matcher.py:518 - Matching graph pattern dense_no_bias
1970-02-15 13:44:17,134 - tag_graph_matcher.py:552 - ==================================================
1970-02-15 13:44:17,134 - tag_graph_matcher.py:553 - Graph parameter registrations:
1970-02-15 13:44:17,134 - tag_graph_matcher.py:554 - [{'double': [{'b': 'Manual[repeated_dense_tag_1]', 'w': 'Manual[repeated_dense_tag_1]'}, {'b': 'Manual[repeated_dense_tag_3]', 'w': 'Manual[repeated_dense_tag_3]'}, {'b': 'Manual[repeated_dense_tag_5]', 'w': 'Manual[repeated_dense_tag_5]'}], 'envelope': [{'pi': 'Auto[scale_only_0]', 'sigma': 'Manual[qmc1_tag_0]'}, {'pi': 'Auto[scale_only_1]', 'sigma': 'Manual[qmc1_tag_1]'}], 'orbital': [{'w': 'Manual[repeated_dense_tag_7]'}, {'w': 'Manual[repeated_dense_tag_8]'}], 'single': [{'b': 'Manual[repeated_dense_tag_0]', 'w': 'Manual[repeated_dense_tag_0]'}, {'b': 'Manual[repeated_dense_tag_2]', 'w': 'Manual[repeated_dense_tag_2]'}, {'b': 'Manual[repeated_dense_tag_4]', 'w': 'Manual[repeated_dense_tag_4]'}, {'b': 'Manual[repeated_dense_tag_6]', 'w': 'Manual[repeated_dense_tag_6]'}]}]
1970-02-15 13:44:17,134 - tag_graph_matcher.py:555 - ==================================================
