1970-02-15 13:51:21,056 - myLogging.py:38 - Starting QMC with 1 XLA devices.
1970-02-15 13:51:37,302 - pretrain.py:260 - Pretrain iter 00000: 0.0740022
1970-02-15 13:51:37,320 - pretrain.py:260 - Pretrain iter 00001: 0.0444296
1970-02-15 13:51:37,331 - pretrain.py:260 - Pretrain iter 00002: 0.0274277
1970-02-15 13:51:37,343 - pretrain.py:260 - Pretrain iter 00003: 0.0197077
1970-02-15 13:51:37,354 - pretrain.py:260 - Pretrain iter 00004: 0.0173277
1970-02-15 13:51:37,366 - pretrain.py:260 - Pretrain iter 00005: 0.0165658
1970-02-15 13:51:37,378 - pretrain.py:260 - Pretrain iter 00006: 0.0158626
1970-02-15 13:51:37,389 - pretrain.py:260 - Pretrain iter 00007: 0.0146868
1970-02-15 13:51:37,401 - pretrain.py:260 - Pretrain iter 00008: 0.013771
1970-02-15 13:51:37,412 - pretrain.py:260 - Pretrain iter 00009: 0.0127303
1970-02-15 13:51:37,424 - pretrain.py:260 - Pretrain iter 00010: 0.0120961
1970-02-15 13:51:37,435 - pretrain.py:260 - Pretrain iter 00011: 0.011731
1970-02-15 13:51:37,447 - pretrain.py:260 - Pretrain iter 00012: 0.0114737
1970-02-15 13:51:37,460 - pretrain.py:260 - Pretrain iter 00013: 0.0110272
1970-02-15 13:51:37,472 - pretrain.py:260 - Pretrain iter 00014: 0.0106462
1970-02-15 13:51:37,485 - pretrain.py:260 - Pretrain iter 00015: 0.0101416
1970-02-15 13:51:37,496 - pretrain.py:260 - Pretrain iter 00016: 0.00954205
1970-02-15 13:51:37,508 - pretrain.py:260 - Pretrain iter 00017: 0.00911658
1970-02-15 13:51:37,519 - pretrain.py:260 - Pretrain iter 00018: 0.00862124
1970-02-15 13:51:37,530 - pretrain.py:260 - Pretrain iter 00019: 0.00817705
1970-02-15 13:51:37,542 - pretrain.py:260 - Pretrain iter 00020: 0.00800276
1970-02-15 13:51:37,558 - pretrain.py:260 - Pretrain iter 00021: 0.00817644
1970-02-15 13:51:37,569 - pretrain.py:260 - Pretrain iter 00022: 0.00782552
1970-02-15 13:51:37,580 - pretrain.py:260 - Pretrain iter 00023: 0.00720449
1970-02-15 13:51:37,592 - pretrain.py:260 - Pretrain iter 00024: 0.00702222
1970-02-15 13:51:37,603 - pretrain.py:260 - Pretrain iter 00025: 0.00684198
1970-02-15 13:51:37,615 - pretrain.py:260 - Pretrain iter 00026: 0.00663528
1970-02-15 13:51:37,627 - pretrain.py:260 - Pretrain iter 00027: 0.00666969
1970-02-15 13:51:37,639 - pretrain.py:260 - Pretrain iter 00028: 0.00661119
1970-02-15 13:51:37,651 - pretrain.py:260 - Pretrain iter 00029: 0.00650096
1970-02-15 13:51:37,663 - pretrain.py:260 - Pretrain iter 00030: 0.00655809
1970-02-15 13:51:37,675 - pretrain.py:260 - Pretrain iter 00031: 0.0063913
1970-02-15 13:51:37,688 - pretrain.py:260 - Pretrain iter 00032: 0.00648024
1970-02-15 13:51:37,700 - pretrain.py:260 - Pretrain iter 00033: 0.00615471
1970-02-15 13:51:37,713 - pretrain.py:260 - Pretrain iter 00034: 0.00601709
1970-02-15 13:51:37,725 - pretrain.py:260 - Pretrain iter 00035: 0.00612779
1970-02-15 13:51:37,738 - pretrain.py:260 - Pretrain iter 00036: 0.00611924
1970-02-15 13:51:37,751 - pretrain.py:260 - Pretrain iter 00037: 0.00597233
1970-02-15 13:51:37,764 - pretrain.py:260 - Pretrain iter 00038: 0.00574068
1970-02-15 13:51:37,777 - pretrain.py:260 - Pretrain iter 00039: 0.00561897
1970-02-15 13:51:37,790 - pretrain.py:260 - Pretrain iter 00040: 0.00548497
1970-02-15 13:51:37,803 - pretrain.py:260 - Pretrain iter 00041: 0.00526222
1970-02-15 13:51:37,817 - pretrain.py:260 - Pretrain iter 00042: 0.00531556
1970-02-15 13:51:37,830 - pretrain.py:260 - Pretrain iter 00043: 0.00535936
1970-02-15 13:51:37,843 - pretrain.py:260 - Pretrain iter 00044: 0.00522867
1970-02-15 13:51:37,857 - pretrain.py:260 - Pretrain iter 00045: 0.00507008
1970-02-15 13:51:37,870 - pretrain.py:260 - Pretrain iter 00046: 0.00493753
1970-02-15 13:51:37,884 - pretrain.py:260 - Pretrain iter 00047: 0.00474829
1970-02-15 13:51:37,898 - pretrain.py:260 - Pretrain iter 00048: 0.00441655
1970-02-15 13:51:37,911 - pretrain.py:260 - Pretrain iter 00049: 0.00431933
1970-02-15 13:51:37,925 - pretrain.py:260 - Pretrain iter 00050: 0.00417157
1970-02-15 13:51:37,939 - pretrain.py:260 - Pretrain iter 00051: 0.00400424
1970-02-15 13:51:37,953 - pretrain.py:260 - Pretrain iter 00052: 0.00400093
1970-02-15 13:51:37,967 - pretrain.py:260 - Pretrain iter 00053: 0.0036316
1970-02-15 13:51:37,982 - pretrain.py:260 - Pretrain iter 00054: 0.00356966
1970-02-15 13:51:37,997 - pretrain.py:260 - Pretrain iter 00055: 0.00336985
1970-02-15 13:51:38,011 - pretrain.py:260 - Pretrain iter 00056: 0.0032732
1970-02-15 13:51:38,026 - pretrain.py:260 - Pretrain iter 00057: 0.00322164
1970-02-15 13:51:38,040 - pretrain.py:260 - Pretrain iter 00058: 0.0032812
1970-02-15 13:51:38,055 - pretrain.py:260 - Pretrain iter 00059: 0.00320099
1970-02-15 13:51:38,069 - pretrain.py:260 - Pretrain iter 00060: 0.00301044
1970-02-15 13:51:38,084 - pretrain.py:260 - Pretrain iter 00061: 0.00290804
1970-02-15 13:51:38,098 - pretrain.py:260 - Pretrain iter 00062: 0.00277007
1970-02-15 13:51:38,115 - pretrain.py:260 - Pretrain iter 00063: 0.00276244
1970-02-15 13:51:38,129 - pretrain.py:260 - Pretrain iter 00064: 0.0026875
1970-02-15 13:51:38,144 - pretrain.py:260 - Pretrain iter 00065: 0.00265169
1970-02-15 13:51:38,159 - pretrain.py:260 - Pretrain iter 00066: 0.00252119
1970-02-15 13:51:38,174 - pretrain.py:260 - Pretrain iter 00067: 0.00245292
1970-02-15 13:51:38,190 - pretrain.py:260 - Pretrain iter 00068: 0.00238105
1970-02-15 13:51:38,205 - pretrain.py:260 - Pretrain iter 00069: 0.00230112
1970-02-15 13:51:38,221 - pretrain.py:260 - Pretrain iter 00070: 0.00225795
1970-02-15 13:51:38,236 - pretrain.py:260 - Pretrain iter 00071: 0.0022265
1970-02-15 13:51:38,252 - pretrain.py:260 - Pretrain iter 00072: 0.00223744
1970-02-15 13:51:38,267 - pretrain.py:260 - Pretrain iter 00073: 0.00218229
1970-02-15 13:51:38,284 - pretrain.py:260 - Pretrain iter 00074: 0.00209009
1970-02-15 13:51:38,300 - pretrain.py:260 - Pretrain iter 00075: 0.00200238
1970-02-15 13:51:38,316 - pretrain.py:260 - Pretrain iter 00076: 0.0019344
1970-02-15 13:51:38,333 - pretrain.py:260 - Pretrain iter 00077: 0.00192751
1970-02-15 13:51:38,354 - pretrain.py:260 - Pretrain iter 00078: 0.00192383
1970-02-15 13:51:38,370 - pretrain.py:260 - Pretrain iter 00079: 0.00184836
1970-02-15 13:51:38,388 - pretrain.py:260 - Pretrain iter 00080: 0.00184386
1970-02-15 13:51:38,408 - pretrain.py:260 - Pretrain iter 00081: 0.00173004
1970-02-15 13:51:38,433 - pretrain.py:260 - Pretrain iter 00082: 0.00164709
1970-02-15 13:51:38,450 - pretrain.py:260 - Pretrain iter 00083: 0.00157211
1970-02-15 13:51:38,476 - pretrain.py:260 - Pretrain iter 00084: 0.00150029
1970-02-15 13:51:38,500 - pretrain.py:260 - Pretrain iter 00085: 0.00147748
1970-02-15 13:51:38,528 - pretrain.py:260 - Pretrain iter 00086: 0.00142794
1970-02-15 13:51:38,552 - pretrain.py:260 - Pretrain iter 00087: 0.0013785
1970-02-15 13:51:38,584 - pretrain.py:260 - Pretrain iter 00088: 0.00136038
1970-02-15 13:51:38,607 - pretrain.py:260 - Pretrain iter 00089: 0.00134138
1970-02-15 13:51:38,649 - pretrain.py:260 - Pretrain iter 00090: 0.00131346
1970-02-15 13:51:38,696 - pretrain.py:260 - Pretrain iter 00091: 0.00127937
1970-02-15 13:51:38,727 - pretrain.py:260 - Pretrain iter 00092: 0.00122992
1970-02-15 13:51:38,745 - pretrain.py:260 - Pretrain iter 00093: 0.00119571
1970-02-15 13:51:38,763 - pretrain.py:260 - Pretrain iter 00094: 0.00119887
1970-02-15 13:51:38,779 - pretrain.py:260 - Pretrain iter 00095: 0.00119703
1970-02-15 13:51:38,797 - pretrain.py:260 - Pretrain iter 00096: 0.00117628
1970-02-15 13:51:38,815 - pretrain.py:260 - Pretrain iter 00097: 0.00116564
1970-02-15 13:51:38,833 - pretrain.py:260 - Pretrain iter 00098: 0.00114365
1970-02-15 13:51:38,851 - pretrain.py:260 - Pretrain iter 00099: 0.00112638
1970-02-15 13:51:42,396 - tag_graph_matcher.py:518 - Matching graph pattern scale_and_shift
1970-02-15 13:51:42,445 - tag_graph_matcher.py:518 - Matching graph pattern conv2d_with_bias
1970-02-15 13:51:42,461 - tag_graph_matcher.py:518 - Matching graph pattern dense_with_bias
1970-02-15 13:51:42,476 - tag_graph_matcher.py:518 - Matching graph pattern scale_only
1970-02-15 13:51:42,486 - tag_graph_matcher.py:518 - Matching graph pattern conv2d_no_bias
1970-02-15 13:51:42,493 - tag_graph_matcher.py:518 - Matching graph pattern dense_no_bias
1970-02-15 13:51:42,500 - tag_graph_matcher.py:552 - ==================================================
1970-02-15 13:51:42,500 - tag_graph_matcher.py:553 - Graph parameter registrations:
1970-02-15 13:51:42,500 - tag_graph_matcher.py:554 - [{'double': [{'b': 'Manual[repeated_dense_tag_1]', 'w': 'Manual[repeated_dense_tag_1]'}, {'b': 'Manual[repeated_dense_tag_3]', 'w': 'Manual[repeated_dense_tag_3]'}, {'b': 'Manual[repeated_dense_tag_5]', 'w': 'Manual[repeated_dense_tag_5]'}], 'envelope': [{'pi': 'Auto[scale_only_1]', 'sigma': 'Manual[qmc1_tag_0]'}, {'pi': 'Auto[scale_only_0]', 'sigma': 'Manual[qmc1_tag_1]'}], 'orbital': [{'w': 'Manual[repeated_dense_tag_7]'}, {'w': 'Manual[repeated_dense_tag_8]'}], 'single': [{'b': 'Manual[repeated_dense_tag_0]', 'w': 'Manual[repeated_dense_tag_0]'}, {'b': 'Manual[repeated_dense_tag_2]', 'w': 'Manual[repeated_dense_tag_2]'}, {'b': 'Manual[repeated_dense_tag_4]', 'w': 'Manual[repeated_dense_tag_4]'}, {'b': 'Manual[repeated_dense_tag_6]', 'w': 'Manual[repeated_dense_tag_6]'}]}]
1970-02-15 13:51:42,500 - tag_graph_matcher.py:555 - ==================================================
1970-02-15 13:52:10,565 - myLogging.py:38 - Burning in MCMC chain for 100 steps
1970-02-15 13:52:14,706 - myLogging.py:38 - Completed burn-in MCMC steps
1970-02-15 13:52:21,576 - myLogging.py:38 - Initial energy: [-4.3669405] E_h
