1970-02-12 10:47:07,160 - myLogging.py:38 - Starting QMC with 4 XLA devices.
1970-02-12 10:47:34,833 - pretrain.py:260 - Pretrain iter 00000: 0.0740022
1970-02-12 10:47:34,861 - pretrain.py:260 - Pretrain iter 00001: 0.0444106
1970-02-12 10:47:34,881 - pretrain.py:260 - Pretrain iter 00002: 0.0273788
1970-02-12 10:47:34,902 - pretrain.py:260 - Pretrain iter 00003: 0.0196934
1970-02-12 10:47:34,923 - pretrain.py:260 - Pretrain iter 00004: 0.0171241
1970-02-12 10:47:34,944 - pretrain.py:260 - Pretrain iter 00005: 0.0164689
1970-02-12 10:47:34,964 - pretrain.py:260 - Pretrain iter 00006: 0.0159472
1970-02-12 10:47:34,984 - pretrain.py:260 - Pretrain iter 00007: 0.0148605
1970-02-12 10:47:35,002 - pretrain.py:260 - Pretrain iter 00008: 0.0135768
1970-02-12 10:47:35,021 - pretrain.py:260 - Pretrain iter 00009: 0.0128226
1970-02-12 10:47:35,038 - pretrain.py:260 - Pretrain iter 00010: 0.0123108
1970-02-12 10:47:35,058 - pretrain.py:260 - Pretrain iter 00011: 0.0118884
1970-02-12 10:47:35,077 - pretrain.py:260 - Pretrain iter 00012: 0.0113298
1970-02-12 10:47:35,096 - pretrain.py:260 - Pretrain iter 00013: 0.0109234
1970-02-12 10:47:35,116 - pretrain.py:260 - Pretrain iter 00014: 0.0105823
1970-02-12 10:47:35,135 - pretrain.py:260 - Pretrain iter 00015: 0.0102764
1970-02-12 10:47:35,154 - pretrain.py:260 - Pretrain iter 00016: 0.00989349
1970-02-12 10:47:35,173 - pretrain.py:260 - Pretrain iter 00017: 0.00941232
1970-02-12 10:47:35,192 - pretrain.py:260 - Pretrain iter 00018: 0.00911631
1970-02-12 10:47:35,211 - pretrain.py:260 - Pretrain iter 00019: 0.00874902
1970-02-12 10:47:35,230 - pretrain.py:260 - Pretrain iter 00020: 0.00852866
1970-02-12 10:47:35,249 - pretrain.py:260 - Pretrain iter 00021: 0.00831664
1970-02-12 10:47:35,268 - pretrain.py:260 - Pretrain iter 00022: 0.00817935
1970-02-12 10:47:35,287 - pretrain.py:260 - Pretrain iter 00023: 0.00805229
1970-02-12 10:47:35,306 - pretrain.py:260 - Pretrain iter 00024: 0.00784182
1970-02-12 10:47:35,325 - pretrain.py:260 - Pretrain iter 00025: 0.00768854
1970-02-12 10:47:35,345 - pretrain.py:260 - Pretrain iter 00026: 0.0078364
1970-02-12 10:47:35,366 - pretrain.py:260 - Pretrain iter 00027: 0.0076395
1970-02-12 10:47:35,385 - pretrain.py:260 - Pretrain iter 00028: 0.00726267
1970-02-12 10:47:35,403 - pretrain.py:260 - Pretrain iter 00029: 0.00711876
1970-02-12 10:47:35,422 - pretrain.py:260 - Pretrain iter 00030: 0.00690641
1970-02-12 10:47:35,441 - pretrain.py:260 - Pretrain iter 00031: 0.00678021
1970-02-12 10:47:35,460 - pretrain.py:260 - Pretrain iter 00032: 0.00681507
1970-02-12 10:47:35,479 - pretrain.py:260 - Pretrain iter 00033: 0.00672792
1970-02-12 10:47:35,498 - pretrain.py:260 - Pretrain iter 00034: 0.00663307
1970-02-12 10:47:35,521 - pretrain.py:260 - Pretrain iter 00035: 0.00664651
1970-02-12 10:47:35,539 - pretrain.py:260 - Pretrain iter 00036: 0.00636476
1970-02-12 10:47:35,559 - pretrain.py:260 - Pretrain iter 00037: 0.00644155
1970-02-12 10:47:35,578 - pretrain.py:260 - Pretrain iter 00038: 0.00622808
1970-02-12 10:47:35,597 - pretrain.py:260 - Pretrain iter 00039: 0.00595078
1970-02-12 10:47:35,616 - pretrain.py:260 - Pretrain iter 00040: 0.00587644
1970-02-12 10:47:35,634 - pretrain.py:260 - Pretrain iter 00041: 0.00575465
1970-02-12 10:47:35,653 - pretrain.py:260 - Pretrain iter 00042: 0.0056589
1970-02-12 10:47:35,672 - pretrain.py:260 - Pretrain iter 00043: 0.00535956
1970-02-12 10:47:35,691 - pretrain.py:260 - Pretrain iter 00044: 0.00530849
1970-02-12 10:47:35,710 - pretrain.py:260 - Pretrain iter 00045: 0.0052083
1970-02-12 10:47:35,729 - pretrain.py:260 - Pretrain iter 00046: 0.00551631
1970-02-12 10:47:35,748 - pretrain.py:260 - Pretrain iter 00047: 0.00550537
1970-02-12 10:47:35,768 - pretrain.py:260 - Pretrain iter 00048: 0.00540155
1970-02-12 10:47:35,786 - pretrain.py:260 - Pretrain iter 00049: 0.00529158
1970-02-12 10:47:35,805 - pretrain.py:260 - Pretrain iter 00050: 0.00515321
1970-02-12 10:47:35,823 - pretrain.py:260 - Pretrain iter 00051: 0.00491278
1970-02-12 10:47:35,842 - pretrain.py:260 - Pretrain iter 00052: 0.00494015
1970-02-12 10:47:35,860 - pretrain.py:260 - Pretrain iter 00053: 0.00498922
1970-02-12 10:47:35,892 - pretrain.py:260 - Pretrain iter 00054: 0.00461411
1970-02-12 10:47:35,916 - pretrain.py:260 - Pretrain iter 00055: 0.0042814
1970-02-12 10:47:35,948 - pretrain.py:260 - Pretrain iter 00056: 0.00410968
1970-02-12 10:47:35,967 - pretrain.py:260 - Pretrain iter 00057: 0.00395974
1970-02-12 10:47:35,986 - pretrain.py:260 - Pretrain iter 00058: 0.00387887
1970-02-12 10:47:36,005 - pretrain.py:260 - Pretrain iter 00059: 0.00382149
1970-02-12 10:47:36,024 - pretrain.py:260 - Pretrain iter 00060: 0.00360815
1970-02-12 10:47:36,043 - pretrain.py:260 - Pretrain iter 00061: 0.00337217
1970-02-12 10:47:36,062 - pretrain.py:260 - Pretrain iter 00062: 0.00326764
1970-02-12 10:47:36,081 - pretrain.py:260 - Pretrain iter 00063: 0.00330179
1970-02-12 10:47:36,100 - pretrain.py:260 - Pretrain iter 00064: 0.00325148
1970-02-12 10:47:36,119 - pretrain.py:260 - Pretrain iter 00065: 0.00311074
1970-02-12 10:47:36,138 - pretrain.py:260 - Pretrain iter 00066: 0.00298421
1970-02-12 10:47:36,157 - pretrain.py:260 - Pretrain iter 00067: 0.00289646
1970-02-12 10:47:36,176 - pretrain.py:260 - Pretrain iter 00068: 0.00288411
1970-02-12 10:47:36,195 - pretrain.py:260 - Pretrain iter 00069: 0.00278338
1970-02-12 10:47:36,214 - pretrain.py:260 - Pretrain iter 00070: 0.00267028
1970-02-12 10:47:36,232 - pretrain.py:260 - Pretrain iter 00071: 0.00250304
1970-02-12 10:47:36,251 - pretrain.py:260 - Pretrain iter 00072: 0.00261205
1970-02-12 10:47:36,270 - pretrain.py:260 - Pretrain iter 00073: 0.00248422
1970-02-12 10:47:36,289 - pretrain.py:260 - Pretrain iter 00074: 0.00240242
1970-02-12 10:47:36,308 - pretrain.py:260 - Pretrain iter 00075: 0.00226521
1970-02-12 10:47:36,327 - pretrain.py:260 - Pretrain iter 00076: 0.00221291
1970-02-12 10:47:36,346 - pretrain.py:260 - Pretrain iter 00077: 0.00220002
1970-02-12 10:47:36,365 - pretrain.py:260 - Pretrain iter 00078: 0.00204913
1970-02-12 10:47:36,383 - pretrain.py:260 - Pretrain iter 00079: 0.00190484
1970-02-12 10:47:36,403 - pretrain.py:260 - Pretrain iter 00080: 0.00186914
1970-02-12 10:47:36,427 - pretrain.py:260 - Pretrain iter 00081: 0.00179576
1970-02-12 10:47:36,448 - pretrain.py:260 - Pretrain iter 00082: 0.00173152
1970-02-12 10:47:36,467 - pretrain.py:260 - Pretrain iter 00083: 0.00173875
1970-02-12 10:47:36,487 - pretrain.py:260 - Pretrain iter 00084: 0.00163102
1970-02-12 10:47:36,506 - pretrain.py:260 - Pretrain iter 00085: 0.00161828
1970-02-12 10:47:36,524 - pretrain.py:260 - Pretrain iter 00086: 0.00158667
1970-02-12 10:47:36,543 - pretrain.py:260 - Pretrain iter 00087: 0.00156634
1970-02-12 10:47:36,562 - pretrain.py:260 - Pretrain iter 00088: 0.00152771
1970-02-12 10:47:36,581 - pretrain.py:260 - Pretrain iter 00089: 0.00158009
1970-02-12 10:47:36,600 - pretrain.py:260 - Pretrain iter 00090: 0.00154463
1970-02-12 10:47:36,618 - pretrain.py:260 - Pretrain iter 00091: 0.00146251
1970-02-12 10:47:36,637 - pretrain.py:260 - Pretrain iter 00092: 0.00142428
1970-02-12 10:47:36,657 - pretrain.py:260 - Pretrain iter 00093: 0.00141189
1970-02-12 10:47:36,677 - pretrain.py:260 - Pretrain iter 00094: 0.00139121
1970-02-12 10:47:36,697 - pretrain.py:260 - Pretrain iter 00095: 0.0014685
1970-02-12 10:47:36,717 - pretrain.py:260 - Pretrain iter 00096: 0.00149083
1970-02-12 10:47:36,738 - pretrain.py:260 - Pretrain iter 00097: 0.00142501
1970-02-12 10:47:36,759 - pretrain.py:260 - Pretrain iter 00098: 0.00138843
1970-02-12 10:47:36,783 - pretrain.py:260 - Pretrain iter 00099: 0.00132477
1970-02-12 11:21:30,113 - tag_graph_matcher.py:518 - Matching graph pattern scale_and_shift
1970-02-12 11:21:30,218 - tag_graph_matcher.py:518 - Matching graph pattern conv2d_with_bias
1970-02-12 11:21:30,250 - tag_graph_matcher.py:518 - Matching graph pattern dense_with_bias
1970-02-12 11:21:30,282 - tag_graph_matcher.py:518 - Matching graph pattern scale_only
1970-02-12 11:21:30,304 - tag_graph_matcher.py:518 - Matching graph pattern conv2d_no_bias
1970-02-12 11:21:30,319 - tag_graph_matcher.py:518 - Matching graph pattern dense_no_bias
1970-02-12 11:21:30,334 - tag_graph_matcher.py:552 - ==================================================
1970-02-12 11:21:30,334 - tag_graph_matcher.py:553 - Graph parameter registrations:
1970-02-12 11:21:30,334 - tag_graph_matcher.py:554 - [{'double': [{'b': 'Manual[repeated_dense_tag_1]', 'w': 'Manual[repeated_dense_tag_1]'}, {'b': 'Manual[repeated_dense_tag_3]', 'w': 'Manual[repeated_dense_tag_3]'}, {'b': 'Manual[repeated_dense_tag_5]', 'w': 'Manual[repeated_dense_tag_5]'}], 'envelope': [{'pi': 'Auto[scale_only_1]', 'sigma': 'Manual[qmc1_tag_0]'}, {'pi': 'Auto[scale_only_0]', 'sigma': 'Manual[qmc1_tag_1]'}], 'orbital': [{'w': 'Manual[repeated_dense_tag_7]'}, {'w': 'Manual[repeated_dense_tag_8]'}], 'single': [{'b': 'Manual[repeated_dense_tag_0]', 'w': 'Manual[repeated_dense_tag_0]'}, {'b': 'Manual[repeated_dense_tag_2]', 'w': 'Manual[repeated_dense_tag_2]'}, {'b': 'Manual[repeated_dense_tag_4]', 'w': 'Manual[repeated_dense_tag_4]'}, {'b': 'Manual[repeated_dense_tag_6]', 'w': 'Manual[repeated_dense_tag_6]'}]}]
1970-02-12 11:21:30,335 - tag_graph_matcher.py:555 - ==================================================
1970-02-12 11:30:05,043 - myLogging.py:38 - Burning in MCMC chain for 100 steps
1970-02-12 11:30:23,652 - myLogging.py:38 - Completed burn-in MCMC steps
1970-02-12 11:30:32,383 - myLogging.py:38 - Initial energy: [-5.346225 -5.346225 -5.346225 -5.346225] E_h
