2021-08-17 16:02:34,468 - myLogging.py:38 - Starting QMC with 4 XLA devices.
1970-03-10 06:59:16,183 - pretrain.py:260 - Pretrain iter 00000: 0.0740022
1970-03-10 06:59:16,209 - pretrain.py:260 - Pretrain iter 00001: 0.0444106
1970-03-10 06:59:16,245 - pretrain.py:260 - Pretrain iter 00002: 0.0273788
1970-03-10 06:59:16,268 - pretrain.py:260 - Pretrain iter 00003: 0.0196934
1970-03-10 06:59:16,291 - pretrain.py:260 - Pretrain iter 00004: 0.0171241
1970-03-10 06:59:16,317 - pretrain.py:260 - Pretrain iter 00005: 0.0164689
1970-03-10 06:59:16,336 - pretrain.py:260 - Pretrain iter 00006: 0.0159472
1970-03-10 06:59:16,356 - pretrain.py:260 - Pretrain iter 00007: 0.0148605
1970-03-10 06:59:16,384 - pretrain.py:260 - Pretrain iter 00008: 0.0135768
1970-03-10 06:59:16,410 - pretrain.py:260 - Pretrain iter 00009: 0.0128226
1970-03-10 06:59:16,431 - pretrain.py:260 - Pretrain iter 00010: 0.0123108
1970-03-10 06:59:16,453 - pretrain.py:260 - Pretrain iter 00011: 0.0118884
1970-03-10 06:59:16,473 - pretrain.py:260 - Pretrain iter 00012: 0.0113298
1970-03-10 06:59:16,494 - pretrain.py:260 - Pretrain iter 00013: 0.0109234
1970-03-10 06:59:16,525 - pretrain.py:260 - Pretrain iter 00014: 0.0105823
1970-03-10 06:59:16,545 - pretrain.py:260 - Pretrain iter 00015: 0.0102764
1970-03-10 06:59:16,565 - pretrain.py:260 - Pretrain iter 00016: 0.00989349
1970-03-10 06:59:16,589 - pretrain.py:260 - Pretrain iter 00017: 0.00941232
1970-03-10 06:59:16,609 - pretrain.py:260 - Pretrain iter 00018: 0.00911631
1970-03-10 06:59:16,629 - pretrain.py:260 - Pretrain iter 00019: 0.00874902
1970-03-10 06:59:16,649 - pretrain.py:260 - Pretrain iter 00020: 0.00852866
1970-03-10 06:59:16,669 - pretrain.py:260 - Pretrain iter 00021: 0.00831664
1970-03-10 06:59:16,689 - pretrain.py:260 - Pretrain iter 00022: 0.00817935
1970-03-10 06:59:16,709 - pretrain.py:260 - Pretrain iter 00023: 0.00805229
1970-03-10 06:59:16,729 - pretrain.py:260 - Pretrain iter 00024: 0.00784182
1970-03-10 06:59:16,749 - pretrain.py:260 - Pretrain iter 00025: 0.00768854
1970-03-10 06:59:16,769 - pretrain.py:260 - Pretrain iter 00026: 0.0078364
1970-03-10 06:59:16,792 - pretrain.py:260 - Pretrain iter 00027: 0.0076395
1970-03-10 06:59:16,812 - pretrain.py:260 - Pretrain iter 00028: 0.00726267
1970-03-10 06:59:16,830 - pretrain.py:260 - Pretrain iter 00029: 0.00711876
1970-03-10 06:59:16,849 - pretrain.py:260 - Pretrain iter 00030: 0.00690641
1970-03-10 06:59:16,868 - pretrain.py:260 - Pretrain iter 00031: 0.00678021
1970-03-10 06:59:16,888 - pretrain.py:260 - Pretrain iter 00032: 0.00681507
1970-03-10 06:59:16,914 - pretrain.py:260 - Pretrain iter 00033: 0.00672792
1970-03-10 06:59:16,933 - pretrain.py:260 - Pretrain iter 00034: 0.00663307
1970-03-10 06:59:16,953 - pretrain.py:260 - Pretrain iter 00035: 0.00664651
1970-03-10 06:59:16,976 - pretrain.py:260 - Pretrain iter 00036: 0.00636476
1970-03-10 06:59:16,996 - pretrain.py:260 - Pretrain iter 00037: 0.00644155
1970-03-10 06:59:17,015 - pretrain.py:260 - Pretrain iter 00038: 0.00622808
1970-03-10 06:59:17,035 - pretrain.py:260 - Pretrain iter 00039: 0.00595078
1970-03-10 06:59:17,054 - pretrain.py:260 - Pretrain iter 00040: 0.00587644
1970-03-10 06:59:17,074 - pretrain.py:260 - Pretrain iter 00041: 0.00575465
1970-03-10 06:59:17,093 - pretrain.py:260 - Pretrain iter 00042: 0.0056589
1970-03-10 06:59:17,135 - pretrain.py:260 - Pretrain iter 00043: 0.00535956
1970-03-10 06:59:17,155 - pretrain.py:260 - Pretrain iter 00044: 0.00530849
1970-03-10 06:59:17,174 - pretrain.py:260 - Pretrain iter 00045: 0.0052083
1970-03-10 06:59:17,201 - pretrain.py:260 - Pretrain iter 00046: 0.00551631
1970-03-10 06:59:17,236 - pretrain.py:260 - Pretrain iter 00047: 0.00550537
1970-03-10 06:59:17,269 - pretrain.py:260 - Pretrain iter 00048: 0.00540155
1970-03-10 06:59:17,300 - pretrain.py:260 - Pretrain iter 00049: 0.00529158
1970-03-10 06:59:17,328 - pretrain.py:260 - Pretrain iter 00050: 0.00515321
1970-03-10 06:59:17,348 - pretrain.py:260 - Pretrain iter 00051: 0.00491278
1970-03-10 06:59:17,366 - pretrain.py:260 - Pretrain iter 00052: 0.00494015
1970-03-10 06:59:17,409 - pretrain.py:260 - Pretrain iter 00053: 0.00498922
1970-03-10 06:59:17,436 - pretrain.py:260 - Pretrain iter 00054: 0.00461411
1970-03-10 06:59:17,454 - pretrain.py:260 - Pretrain iter 00055: 0.0042814
1970-03-10 06:59:17,473 - pretrain.py:260 - Pretrain iter 00056: 0.00410967
1970-03-10 06:59:17,493 - pretrain.py:260 - Pretrain iter 00057: 0.00395974
1970-03-10 06:59:17,512 - pretrain.py:260 - Pretrain iter 00058: 0.00387887
1970-03-10 06:59:17,531 - pretrain.py:260 - Pretrain iter 00059: 0.00382149
1970-03-10 06:59:17,549 - pretrain.py:260 - Pretrain iter 00060: 0.00360815
1970-03-10 06:59:17,569 - pretrain.py:260 - Pretrain iter 00061: 0.00337217
1970-03-10 06:59:17,588 - pretrain.py:260 - Pretrain iter 00062: 0.00326763
1970-03-10 06:59:17,608 - pretrain.py:260 - Pretrain iter 00063: 0.00330179
1970-03-10 06:59:17,627 - pretrain.py:260 - Pretrain iter 00064: 0.00325148
1970-03-10 06:59:17,646 - pretrain.py:260 - Pretrain iter 00065: 0.00311074
1970-03-10 06:59:17,666 - pretrain.py:260 - Pretrain iter 00066: 0.00298421
1970-03-10 06:59:17,685 - pretrain.py:260 - Pretrain iter 00067: 0.00289646
1970-03-10 06:59:17,705 - pretrain.py:260 - Pretrain iter 00068: 0.00288411
1970-03-10 06:59:17,724 - pretrain.py:260 - Pretrain iter 00069: 0.00278338
1970-03-10 06:59:17,755 - pretrain.py:260 - Pretrain iter 00070: 0.00267028
1970-03-10 06:59:17,774 - pretrain.py:260 - Pretrain iter 00071: 0.00250304
1970-03-10 06:59:17,794 - pretrain.py:260 - Pretrain iter 00072: 0.00261205
1970-03-10 06:59:17,813 - pretrain.py:260 - Pretrain iter 00073: 0.00248422
1970-03-10 06:59:17,833 - pretrain.py:260 - Pretrain iter 00074: 0.00240241
1970-03-10 06:59:17,859 - pretrain.py:260 - Pretrain iter 00075: 0.00226521
1970-03-10 06:59:17,881 - pretrain.py:260 - Pretrain iter 00076: 0.00221291
1970-03-10 06:59:17,901 - pretrain.py:260 - Pretrain iter 00077: 0.00220001
1970-03-10 06:59:17,920 - pretrain.py:260 - Pretrain iter 00078: 0.00204913
1970-03-10 06:59:17,939 - pretrain.py:260 - Pretrain iter 00079: 0.00190484
1970-03-10 06:59:17,959 - pretrain.py:260 - Pretrain iter 00080: 0.00186914
1970-03-10 06:59:17,985 - pretrain.py:260 - Pretrain iter 00081: 0.00179576
1970-03-10 06:59:18,004 - pretrain.py:260 - Pretrain iter 00082: 0.00173152
1970-03-10 06:59:18,024 - pretrain.py:260 - Pretrain iter 00083: 0.00173875
1970-03-10 06:59:18,046 - pretrain.py:260 - Pretrain iter 00084: 0.00163102
1970-03-10 06:59:18,064 - pretrain.py:260 - Pretrain iter 00085: 0.00161828
1970-03-10 06:59:18,082 - pretrain.py:260 - Pretrain iter 00086: 0.00158667
1970-03-10 06:59:18,102 - pretrain.py:260 - Pretrain iter 00087: 0.00156634
1970-03-10 06:59:18,121 - pretrain.py:260 - Pretrain iter 00088: 0.00152771
1970-03-10 06:59:18,140 - pretrain.py:260 - Pretrain iter 00089: 0.00158009
1970-03-10 06:59:18,159 - pretrain.py:260 - Pretrain iter 00090: 0.00154463
1970-03-10 06:59:18,178 - pretrain.py:260 - Pretrain iter 00091: 0.00146251
1970-03-10 06:59:18,199 - pretrain.py:260 - Pretrain iter 00092: 0.00142428
1970-03-10 06:59:18,219 - pretrain.py:260 - Pretrain iter 00093: 0.00141189
1970-03-10 06:59:18,240 - pretrain.py:260 - Pretrain iter 00094: 0.00139121
1970-03-10 06:59:18,263 - pretrain.py:260 - Pretrain iter 00095: 0.0014685
1970-03-10 06:59:18,283 - pretrain.py:260 - Pretrain iter 00096: 0.00149082
1970-03-10 06:59:18,304 - pretrain.py:260 - Pretrain iter 00097: 0.00142501
1970-03-10 06:59:18,327 - pretrain.py:260 - Pretrain iter 00098: 0.00138843
1970-03-10 06:59:18,348 - pretrain.py:260 - Pretrain iter 00099: 0.00132477
1970-03-10 06:59:21,930 - tag_graph_matcher.py:518 - Matching graph pattern scale_and_shift
1970-03-10 06:59:21,980 - tag_graph_matcher.py:518 - Matching graph pattern conv2d_with_bias
1970-03-10 06:59:21,995 - tag_graph_matcher.py:518 - Matching graph pattern dense_with_bias
1970-03-10 06:59:22,011 - tag_graph_matcher.py:518 - Matching graph pattern scale_only
1970-03-10 06:59:22,021 - tag_graph_matcher.py:518 - Matching graph pattern conv2d_no_bias
1970-03-10 06:59:22,027 - tag_graph_matcher.py:518 - Matching graph pattern dense_no_bias
1970-03-10 06:59:22,034 - tag_graph_matcher.py:552 - ==================================================
1970-03-10 06:59:22,035 - tag_graph_matcher.py:553 - Graph parameter registrations:
1970-03-10 06:59:22,035 - tag_graph_matcher.py:554 - [{'double': [{'b': 'Manual[repeated_dense_tag_1]', 'w': 'Manual[repeated_dense_tag_1]'}, {'b': 'Manual[repeated_dense_tag_3]', 'w': 'Manual[repeated_dense_tag_3]'}, {'b': 'Manual[repeated_dense_tag_5]', 'w': 'Manual[repeated_dense_tag_5]'}], 'envelope': [{'pi': 'Auto[scale_only_0]', 'sigma': 'Manual[qmc1_tag_0]'}, {'pi': 'Auto[scale_only_1]', 'sigma': 'Manual[qmc1_tag_1]'}], 'orbital': [{'w': 'Manual[repeated_dense_tag_7]'}, {'w': 'Manual[repeated_dense_tag_8]'}], 'single': [{'b': 'Manual[repeated_dense_tag_0]', 'w': 'Manual[repeated_dense_tag_0]'}, {'b': 'Manual[repeated_dense_tag_2]', 'w': 'Manual[repeated_dense_tag_2]'}, {'b': 'Manual[repeated_dense_tag_4]', 'w': 'Manual[repeated_dense_tag_4]'}, {'b': 'Manual[repeated_dense_tag_6]', 'w': 'Manual[repeated_dense_tag_6]'}]}]
1970-03-10 06:59:22,035 - tag_graph_matcher.py:555 - ==================================================
1970-03-10 06:59:24,337 - myLogging.py:38 - Burning in MCMC chain for 100 steps
1970-03-10 06:59:30,389 - myLogging.py:38 - Completed burn-in MCMC steps
1970-03-10 06:59:39,136 - myLogging.py:38 - Initial energy: [-5.346225 -5.346225 -5.346225 -5.346225] E_h
