1970-02-15 13:46:42,499 - myLogging.py:38 - Starting QMC with 1 XLA devices.
1970-02-15 13:46:56,064 - pretrain.py:260 - Pretrain iter 00000: 0.0740022
1970-02-15 13:46:56,076 - pretrain.py:260 - Pretrain iter 00001: 0.0444296
1970-02-15 13:46:56,087 - pretrain.py:260 - Pretrain iter 00002: 0.0274277
1970-02-15 13:46:56,098 - pretrain.py:260 - Pretrain iter 00003: 0.0197077
1970-02-15 13:46:56,109 - pretrain.py:260 - Pretrain iter 00004: 0.0173277
1970-02-15 13:46:56,120 - pretrain.py:260 - Pretrain iter 00005: 0.0165658
1970-02-15 13:46:56,131 - pretrain.py:260 - Pretrain iter 00006: 0.0158626
1970-02-15 13:46:56,142 - pretrain.py:260 - Pretrain iter 00007: 0.0146868
1970-02-15 13:46:56,153 - pretrain.py:260 - Pretrain iter 00008: 0.013771
1970-02-15 13:46:56,165 - pretrain.py:260 - Pretrain iter 00009: 0.0127303
1970-02-15 13:46:56,176 - pretrain.py:260 - Pretrain iter 00010: 0.0120961
1970-02-15 13:46:56,188 - pretrain.py:260 - Pretrain iter 00011: 0.011731
1970-02-15 13:46:56,200 - pretrain.py:260 - Pretrain iter 00012: 0.0114737
1970-02-15 13:46:56,211 - pretrain.py:260 - Pretrain iter 00013: 0.0110272
1970-02-15 13:46:56,224 - pretrain.py:260 - Pretrain iter 00014: 0.0106462
1970-02-15 13:46:56,237 - pretrain.py:260 - Pretrain iter 00015: 0.0101416
1970-02-15 13:46:56,248 - pretrain.py:260 - Pretrain iter 00016: 0.00954205
1970-02-15 13:46:56,259 - pretrain.py:260 - Pretrain iter 00017: 0.00911658
1970-02-15 13:46:56,269 - pretrain.py:260 - Pretrain iter 00018: 0.00862124
1970-02-15 13:46:56,280 - pretrain.py:260 - Pretrain iter 00019: 0.00817705
1970-02-15 13:46:56,291 - pretrain.py:260 - Pretrain iter 00020: 0.00800276
1970-02-15 13:46:56,302 - pretrain.py:260 - Pretrain iter 00021: 0.00817644
1970-02-15 13:46:56,315 - pretrain.py:260 - Pretrain iter 00022: 0.00782552
1970-02-15 13:46:56,326 - pretrain.py:260 - Pretrain iter 00023: 0.00720449
1970-02-15 13:46:56,338 - pretrain.py:260 - Pretrain iter 00024: 0.00702222
1970-02-15 13:46:56,350 - pretrain.py:260 - Pretrain iter 00025: 0.00684198
1970-02-15 13:46:56,361 - pretrain.py:260 - Pretrain iter 00026: 0.00663528
1970-02-15 13:46:56,373 - pretrain.py:260 - Pretrain iter 00027: 0.00666969
1970-02-15 13:46:56,384 - pretrain.py:260 - Pretrain iter 00028: 0.00661119
1970-02-15 13:46:56,397 - pretrain.py:260 - Pretrain iter 00029: 0.00650096
1970-02-15 13:46:56,409 - pretrain.py:260 - Pretrain iter 00030: 0.00655809
1970-02-15 13:46:56,421 - pretrain.py:260 - Pretrain iter 00031: 0.0063913
1970-02-15 13:46:56,443 - pretrain.py:260 - Pretrain iter 00032: 0.00648024
1970-02-15 13:46:56,456 - pretrain.py:260 - Pretrain iter 00033: 0.00615471
1970-02-15 13:46:56,468 - pretrain.py:260 - Pretrain iter 00034: 0.00601709
1970-02-15 13:46:56,484 - pretrain.py:260 - Pretrain iter 00035: 0.00612779
1970-02-15 13:46:56,496 - pretrain.py:260 - Pretrain iter 00036: 0.00611924
1970-02-15 13:46:56,508 - pretrain.py:260 - Pretrain iter 00037: 0.00597233
1970-02-15 13:46:56,522 - pretrain.py:260 - Pretrain iter 00038: 0.00574068
1970-02-15 13:46:56,534 - pretrain.py:260 - Pretrain iter 00039: 0.00561897
1970-02-15 13:46:56,547 - pretrain.py:260 - Pretrain iter 00040: 0.00548497
1970-02-15 13:46:56,559 - pretrain.py:260 - Pretrain iter 00041: 0.00526222
1970-02-15 13:46:56,573 - pretrain.py:260 - Pretrain iter 00042: 0.00531556
1970-02-15 13:46:56,586 - pretrain.py:260 - Pretrain iter 00043: 0.00535936
1970-02-15 13:46:56,601 - pretrain.py:260 - Pretrain iter 00044: 0.00522867
1970-02-15 13:46:56,614 - pretrain.py:260 - Pretrain iter 00045: 0.00507008
1970-02-15 13:46:56,628 - pretrain.py:260 - Pretrain iter 00046: 0.00493753
1970-02-15 13:46:56,641 - pretrain.py:260 - Pretrain iter 00047: 0.00474829
1970-02-15 13:46:56,655 - pretrain.py:260 - Pretrain iter 00048: 0.00441655
1970-02-15 13:46:56,669 - pretrain.py:260 - Pretrain iter 00049: 0.00431933
1970-02-15 13:46:56,684 - pretrain.py:260 - Pretrain iter 00050: 0.00417157
1970-02-15 13:46:56,698 - pretrain.py:260 - Pretrain iter 00051: 0.00400424
1970-02-15 13:46:56,712 - pretrain.py:260 - Pretrain iter 00052: 0.00400093
1970-02-15 13:46:56,726 - pretrain.py:260 - Pretrain iter 00053: 0.0036316
1970-02-15 13:46:56,741 - pretrain.py:260 - Pretrain iter 00054: 0.00356966
1970-02-15 13:46:56,755 - pretrain.py:260 - Pretrain iter 00055: 0.00336985
1970-02-15 13:46:56,769 - pretrain.py:260 - Pretrain iter 00056: 0.0032732
1970-02-15 13:46:56,783 - pretrain.py:260 - Pretrain iter 00057: 0.00322164
1970-02-15 13:46:56,798 - pretrain.py:260 - Pretrain iter 00058: 0.0032812
1970-02-15 13:46:56,813 - pretrain.py:260 - Pretrain iter 00059: 0.00320099
1970-02-15 13:46:56,827 - pretrain.py:260 - Pretrain iter 00060: 0.00301044
1970-02-15 13:46:56,842 - pretrain.py:260 - Pretrain iter 00061: 0.00290804
1970-02-15 13:46:56,857 - pretrain.py:260 - Pretrain iter 00062: 0.00277007
1970-02-15 13:46:56,871 - pretrain.py:260 - Pretrain iter 00063: 0.00276244
1970-02-15 13:46:56,886 - pretrain.py:260 - Pretrain iter 00064: 0.0026875
1970-02-15 13:46:56,901 - pretrain.py:260 - Pretrain iter 00065: 0.00265169
1970-02-15 13:46:56,916 - pretrain.py:260 - Pretrain iter 00066: 0.00252119
1970-02-15 13:46:56,931 - pretrain.py:260 - Pretrain iter 00067: 0.00245292
1970-02-15 13:46:56,947 - pretrain.py:260 - Pretrain iter 00068: 0.00238105
1970-02-15 13:46:56,962 - pretrain.py:260 - Pretrain iter 00069: 0.00230112
1970-02-15 13:46:56,978 - pretrain.py:260 - Pretrain iter 00070: 0.00225795
1970-02-15 13:46:56,993 - pretrain.py:260 - Pretrain iter 00071: 0.0022265
1970-02-15 13:46:57,009 - pretrain.py:260 - Pretrain iter 00072: 0.00223744
1970-02-15 13:46:57,025 - pretrain.py:260 - Pretrain iter 00073: 0.00218229
1970-02-15 13:46:57,040 - pretrain.py:260 - Pretrain iter 00074: 0.00209009
1970-02-15 13:46:57,056 - pretrain.py:260 - Pretrain iter 00075: 0.00200238
1970-02-15 13:46:57,072 - pretrain.py:260 - Pretrain iter 00076: 0.0019344
1970-02-15 13:46:57,088 - pretrain.py:260 - Pretrain iter 00077: 0.00192751
1970-02-15 13:46:57,105 - pretrain.py:260 - Pretrain iter 00078: 0.00192383
1970-02-15 13:46:57,123 - pretrain.py:260 - Pretrain iter 00079: 0.00184836
1970-02-15 13:46:57,140 - pretrain.py:260 - Pretrain iter 00080: 0.00184386
1970-02-15 13:46:57,156 - pretrain.py:260 - Pretrain iter 00081: 0.00173004
1970-02-15 13:46:57,188 - pretrain.py:260 - Pretrain iter 00082: 0.00164709
1970-02-15 13:46:57,225 - pretrain.py:260 - Pretrain iter 00083: 0.00157211
1970-02-15 13:46:57,266 - pretrain.py:260 - Pretrain iter 00084: 0.00150029
1970-02-15 13:46:57,286 - pretrain.py:260 - Pretrain iter 00085: 0.00147748
1970-02-15 13:46:57,316 - pretrain.py:260 - Pretrain iter 00086: 0.00142794
1970-02-15 13:46:57,339 - pretrain.py:260 - Pretrain iter 00087: 0.0013785
1970-02-15 13:46:57,359 - pretrain.py:260 - Pretrain iter 00088: 0.00136038
1970-02-15 13:46:57,388 - pretrain.py:260 - Pretrain iter 00089: 0.00134138
1970-02-15 13:46:57,420 - pretrain.py:260 - Pretrain iter 00090: 0.00131346
1970-02-15 13:46:57,464 - pretrain.py:260 - Pretrain iter 00091: 0.00127937
1970-02-15 13:46:57,512 - pretrain.py:260 - Pretrain iter 00092: 0.00122992
1970-02-15 13:46:57,536 - pretrain.py:260 - Pretrain iter 00093: 0.00119571
1970-02-15 13:46:57,554 - pretrain.py:260 - Pretrain iter 00094: 0.00119887
1970-02-15 13:46:57,572 - pretrain.py:260 - Pretrain iter 00095: 0.00119703
1970-02-15 13:46:57,590 - pretrain.py:260 - Pretrain iter 00096: 0.00117628
1970-02-15 13:46:57,608 - pretrain.py:260 - Pretrain iter 00097: 0.00116564
1970-02-15 13:46:57,626 - pretrain.py:260 - Pretrain iter 00098: 0.00114365
1970-02-15 13:46:57,643 - pretrain.py:260 - Pretrain iter 00099: 0.00112638
1970-02-15 13:47:01,184 - tag_graph_matcher.py:518 - Matching graph pattern scale_and_shift
1970-02-15 13:47:01,234 - tag_graph_matcher.py:518 - Matching graph pattern conv2d_with_bias
1970-02-15 13:47:01,250 - tag_graph_matcher.py:518 - Matching graph pattern dense_with_bias
1970-02-15 13:47:01,265 - tag_graph_matcher.py:518 - Matching graph pattern scale_only
1970-02-15 13:47:01,275 - tag_graph_matcher.py:518 - Matching graph pattern conv2d_no_bias
1970-02-15 13:47:01,282 - tag_graph_matcher.py:518 - Matching graph pattern dense_no_bias
1970-02-15 13:47:01,289 - tag_graph_matcher.py:552 - ==================================================
1970-02-15 13:47:01,289 - tag_graph_matcher.py:553 - Graph parameter registrations:
1970-02-15 13:47:01,290 - tag_graph_matcher.py:554 - [{'double': [{'b': 'Manual[repeated_dense_tag_1]', 'w': 'Manual[repeated_dense_tag_1]'}, {'b': 'Manual[repeated_dense_tag_3]', 'w': 'Manual[repeated_dense_tag_3]'}, {'b': 'Manual[repeated_dense_tag_5]', 'w': 'Manual[repeated_dense_tag_5]'}], 'envelope': [{'pi': 'Auto[scale_only_1]', 'sigma': 'Manual[qmc1_tag_0]'}, {'pi': 'Auto[scale_only_0]', 'sigma': 'Manual[qmc1_tag_1]'}], 'orbital': [{'w': 'Manual[repeated_dense_tag_7]'}, {'w': 'Manual[repeated_dense_tag_8]'}], 'single': [{'b': 'Manual[repeated_dense_tag_0]', 'w': 'Manual[repeated_dense_tag_0]'}, {'b': 'Manual[repeated_dense_tag_2]', 'w': 'Manual[repeated_dense_tag_2]'}, {'b': 'Manual[repeated_dense_tag_4]', 'w': 'Manual[repeated_dense_tag_4]'}, {'b': 'Manual[repeated_dense_tag_6]', 'w': 'Manual[repeated_dense_tag_6]'}]}]
1970-02-15 13:47:01,290 - tag_graph_matcher.py:555 - ==================================================
