1970-02-11 19:44:10,736 - myLogging.py:38 - Starting QMC with 4 XLA devices.
1970-02-11 19:44:38,533 - pretrain.py:260 - Pretrain iter 00000: 0.0740022
1970-02-11 19:44:38,561 - pretrain.py:260 - Pretrain iter 00001: 0.0444106
1970-02-11 19:44:38,583 - pretrain.py:260 - Pretrain iter 00002: 0.0273788
1970-02-11 19:44:38,605 - pretrain.py:260 - Pretrain iter 00003: 0.0196934
1970-02-11 19:44:38,627 - pretrain.py:260 - Pretrain iter 00004: 0.0171241
1970-02-11 19:44:38,660 - pretrain.py:260 - Pretrain iter 00005: 0.0164689
1970-02-11 19:44:38,686 - pretrain.py:260 - Pretrain iter 00006: 0.0159472
1970-02-11 19:44:38,711 - pretrain.py:260 - Pretrain iter 00007: 0.0148605
1970-02-11 19:44:38,735 - pretrain.py:260 - Pretrain iter 00008: 0.0135768
1970-02-11 19:44:38,755 - pretrain.py:260 - Pretrain iter 00009: 0.0128226
1970-02-11 19:44:38,774 - pretrain.py:260 - Pretrain iter 00010: 0.0123108
1970-02-11 19:44:38,795 - pretrain.py:260 - Pretrain iter 00011: 0.0118884
1970-02-11 19:44:38,818 - pretrain.py:260 - Pretrain iter 00012: 0.0113298
1970-02-11 19:44:38,838 - pretrain.py:260 - Pretrain iter 00013: 0.0109234
1970-02-11 19:44:38,859 - pretrain.py:260 - Pretrain iter 00014: 0.0105823
1970-02-11 19:44:38,880 - pretrain.py:260 - Pretrain iter 00015: 0.0102764
1970-02-11 19:44:38,901 - pretrain.py:260 - Pretrain iter 00016: 0.00989349
1970-02-11 19:44:38,922 - pretrain.py:260 - Pretrain iter 00017: 0.00941232
1970-02-11 19:44:38,942 - pretrain.py:260 - Pretrain iter 00018: 0.00911631
1970-02-11 19:44:38,963 - pretrain.py:260 - Pretrain iter 00019: 0.00874902
1970-02-11 19:44:38,983 - pretrain.py:260 - Pretrain iter 00020: 0.00852866
1970-02-11 19:44:39,004 - pretrain.py:260 - Pretrain iter 00021: 0.00831664
1970-02-11 19:44:39,025 - pretrain.py:260 - Pretrain iter 00022: 0.00817935
1970-02-11 19:44:39,046 - pretrain.py:260 - Pretrain iter 00023: 0.00805229
1970-02-11 19:44:39,066 - pretrain.py:260 - Pretrain iter 00024: 0.00784182
1970-02-11 19:44:39,087 - pretrain.py:260 - Pretrain iter 00025: 0.00768854
1970-02-11 19:44:39,108 - pretrain.py:260 - Pretrain iter 00026: 0.0078364
1970-02-11 19:44:39,129 - pretrain.py:260 - Pretrain iter 00027: 0.0076395
1970-02-11 19:44:39,149 - pretrain.py:260 - Pretrain iter 00028: 0.00726267
1970-02-11 19:44:39,171 - pretrain.py:260 - Pretrain iter 00029: 0.00711876
1970-02-11 19:44:39,191 - pretrain.py:260 - Pretrain iter 00030: 0.00690641
1970-02-11 19:44:39,212 - pretrain.py:260 - Pretrain iter 00031: 0.00678021
1970-02-11 19:44:39,233 - pretrain.py:260 - Pretrain iter 00032: 0.00681507
1970-02-11 19:44:39,253 - pretrain.py:260 - Pretrain iter 00033: 0.00672792
1970-02-11 19:44:39,274 - pretrain.py:260 - Pretrain iter 00034: 0.00663307
1970-02-11 19:44:39,295 - pretrain.py:260 - Pretrain iter 00035: 0.00664651
1970-02-11 19:44:39,316 - pretrain.py:260 - Pretrain iter 00036: 0.00636476
1970-02-11 19:44:39,337 - pretrain.py:260 - Pretrain iter 00037: 0.00644155
1970-02-11 19:44:39,358 - pretrain.py:260 - Pretrain iter 00038: 0.00622808
1970-02-11 19:44:39,378 - pretrain.py:260 - Pretrain iter 00039: 0.00595078
1970-02-11 19:44:39,399 - pretrain.py:260 - Pretrain iter 00040: 0.00587644
1970-02-11 19:44:39,419 - pretrain.py:260 - Pretrain iter 00041: 0.00575465
1970-02-11 19:44:39,440 - pretrain.py:260 - Pretrain iter 00042: 0.0056589
1970-02-11 19:44:39,461 - pretrain.py:260 - Pretrain iter 00043: 0.00535956
1970-02-11 19:44:39,481 - pretrain.py:260 - Pretrain iter 00044: 0.00530849
1970-02-11 19:44:39,502 - pretrain.py:260 - Pretrain iter 00045: 0.0052083
1970-02-11 19:44:39,523 - pretrain.py:260 - Pretrain iter 00046: 0.00551631
1970-02-11 19:44:39,544 - pretrain.py:260 - Pretrain iter 00047: 0.00550537
1970-02-11 19:44:39,565 - pretrain.py:260 - Pretrain iter 00048: 0.00540155
1970-02-11 19:44:39,585 - pretrain.py:260 - Pretrain iter 00049: 0.00529158
1970-02-11 19:44:39,606 - pretrain.py:260 - Pretrain iter 00050: 0.00515321
1970-02-11 19:44:39,626 - pretrain.py:260 - Pretrain iter 00051: 0.00491278
1970-02-11 19:44:39,647 - pretrain.py:260 - Pretrain iter 00052: 0.00494015
1970-02-11 19:44:39,668 - pretrain.py:260 - Pretrain iter 00053: 0.00498922
1970-02-11 19:44:39,688 - pretrain.py:260 - Pretrain iter 00054: 0.00461411
1970-02-11 19:44:39,709 - pretrain.py:260 - Pretrain iter 00055: 0.0042814
1970-02-11 19:44:39,730 - pretrain.py:260 - Pretrain iter 00056: 0.00410968
1970-02-11 19:44:39,749 - pretrain.py:260 - Pretrain iter 00057: 0.00395974
1970-02-11 19:44:39,781 - pretrain.py:260 - Pretrain iter 00058: 0.00387887
1970-02-11 19:44:39,802 - pretrain.py:260 - Pretrain iter 00059: 0.00382149
1970-02-11 19:44:39,822 - pretrain.py:260 - Pretrain iter 00060: 0.00360815
1970-02-11 19:44:39,843 - pretrain.py:260 - Pretrain iter 00061: 0.00337217
1970-02-11 19:44:39,864 - pretrain.py:260 - Pretrain iter 00062: 0.00326763
1970-02-11 19:44:39,884 - pretrain.py:260 - Pretrain iter 00063: 0.00330179
1970-02-11 19:44:39,905 - pretrain.py:260 - Pretrain iter 00064: 0.00325148
1970-02-11 19:44:39,926 - pretrain.py:260 - Pretrain iter 00065: 0.00311074
1970-02-11 19:44:39,946 - pretrain.py:260 - Pretrain iter 00066: 0.00298421
1970-02-11 19:44:39,967 - pretrain.py:260 - Pretrain iter 00067: 0.00289646
1970-02-11 19:44:39,988 - pretrain.py:260 - Pretrain iter 00068: 0.00288411
1970-02-11 19:44:40,008 - pretrain.py:260 - Pretrain iter 00069: 0.00278338
1970-02-11 19:44:40,029 - pretrain.py:260 - Pretrain iter 00070: 0.00267028
1970-02-11 19:44:40,049 - pretrain.py:260 - Pretrain iter 00071: 0.00250304
1970-02-11 19:44:40,070 - pretrain.py:260 - Pretrain iter 00072: 0.00261205
1970-02-11 19:44:40,096 - pretrain.py:260 - Pretrain iter 00073: 0.00248422
1970-02-11 19:44:40,117 - pretrain.py:260 - Pretrain iter 00074: 0.00240241
1970-02-11 19:44:40,137 - pretrain.py:260 - Pretrain iter 00075: 0.00226521
1970-02-11 19:44:40,158 - pretrain.py:260 - Pretrain iter 00076: 0.00221291
1970-02-11 19:44:40,179 - pretrain.py:260 - Pretrain iter 00077: 0.00220002
1970-02-11 19:44:40,198 - pretrain.py:260 - Pretrain iter 00078: 0.00204913
1970-02-11 19:44:40,218 - pretrain.py:260 - Pretrain iter 00079: 0.00190484
1970-02-11 19:44:40,246 - pretrain.py:260 - Pretrain iter 00080: 0.00186914
1970-02-11 19:44:40,268 - pretrain.py:260 - Pretrain iter 00081: 0.00179576
1970-02-11 19:44:40,290 - pretrain.py:260 - Pretrain iter 00082: 0.00173152
1970-02-11 19:44:40,310 - pretrain.py:260 - Pretrain iter 00083: 0.00173875
1970-02-11 19:44:40,331 - pretrain.py:260 - Pretrain iter 00084: 0.00163102
1970-02-11 19:44:40,351 - pretrain.py:260 - Pretrain iter 00085: 0.00161828
1970-02-11 19:44:40,372 - pretrain.py:260 - Pretrain iter 00086: 0.00158667
1970-02-11 19:44:40,392 - pretrain.py:260 - Pretrain iter 00087: 0.00156634
1970-02-11 19:44:40,418 - pretrain.py:260 - Pretrain iter 00088: 0.00152771
1970-02-11 19:44:40,438 - pretrain.py:260 - Pretrain iter 00089: 0.00158009
1970-02-11 19:44:40,459 - pretrain.py:260 - Pretrain iter 00090: 0.00154463
1970-02-11 19:44:40,479 - pretrain.py:260 - Pretrain iter 00091: 0.00146251
1970-02-11 19:44:40,500 - pretrain.py:260 - Pretrain iter 00092: 0.00142428
1970-02-11 19:44:40,520 - pretrain.py:260 - Pretrain iter 00093: 0.00141189
1970-02-11 19:44:40,541 - pretrain.py:260 - Pretrain iter 00094: 0.00139121
1970-02-11 19:44:40,561 - pretrain.py:260 - Pretrain iter 00095: 0.0014685
1970-02-11 19:44:40,582 - pretrain.py:260 - Pretrain iter 00096: 0.00149082
1970-02-11 19:44:40,603 - pretrain.py:260 - Pretrain iter 00097: 0.00142501
1970-02-11 19:44:40,624 - pretrain.py:260 - Pretrain iter 00098: 0.00138843
1970-02-11 19:44:40,644 - pretrain.py:260 - Pretrain iter 00099: 0.00132477
1970-02-11 19:44:54,582 - tag_graph_matcher.py:518 - Matching graph pattern scale_and_shift
1970-02-11 19:44:54,639 - tag_graph_matcher.py:518 - Matching graph pattern conv2d_with_bias
1970-02-11 19:44:54,656 - tag_graph_matcher.py:518 - Matching graph pattern dense_with_bias
1970-02-11 19:44:54,673 - tag_graph_matcher.py:518 - Matching graph pattern scale_only
1970-02-11 19:44:54,684 - tag_graph_matcher.py:518 - Matching graph pattern conv2d_no_bias
1970-02-11 19:44:54,692 - tag_graph_matcher.py:518 - Matching graph pattern dense_no_bias
1970-02-11 19:44:54,700 - tag_graph_matcher.py:552 - ==================================================
1970-02-11 19:44:54,700 - tag_graph_matcher.py:553 - Graph parameter registrations:
1970-02-11 19:44:54,700 - tag_graph_matcher.py:554 - [{'double': [{'b': 'Manual[repeated_dense_tag_1]', 'w': 'Manual[repeated_dense_tag_1]'}, {'b': 'Manual[repeated_dense_tag_3]', 'w': 'Manual[repeated_dense_tag_3]'}, {'b': 'Manual[repeated_dense_tag_5]', 'w': 'Manual[repeated_dense_tag_5]'}], 'envelope': [{'pi': 'Auto[scale_only_0]', 'sigma': 'Manual[qmc1_tag_0]'}, {'pi': 'Auto[scale_only_1]', 'sigma': 'Manual[qmc1_tag_1]'}], 'orbital': [{'w': 'Manual[repeated_dense_tag_7]'}, {'w': 'Manual[repeated_dense_tag_8]'}], 'single': [{'b': 'Manual[repeated_dense_tag_0]', 'w': 'Manual[repeated_dense_tag_0]'}, {'b': 'Manual[repeated_dense_tag_2]', 'w': 'Manual[repeated_dense_tag_2]'}, {'b': 'Manual[repeated_dense_tag_4]', 'w': 'Manual[repeated_dense_tag_4]'}, {'b': 'Manual[repeated_dense_tag_6]', 'w': 'Manual[repeated_dense_tag_6]'}]}]
1970-02-11 19:44:54,701 - tag_graph_matcher.py:555 - ==================================================
1970-02-11 19:44:56,990 - myLogging.py:38 - Burning in MCMC chain for 100 steps
1970-02-11 19:45:02,907 - myLogging.py:38 - Completed burn-in MCMC steps
1970-02-11 19:45:11,621 - myLogging.py:38 - Initial energy: [-5.346225 -5.346225 -5.346225 -5.346225] E_h
