2021-08-17 16:29:30,738 - myLogging.py:38 - Starting QMC with 4 XLA devices.
1970-03-10 07:26:12,264 - pretrain.py:260 - Pretrain iter 00000: 0.0740022
1970-03-10 07:26:12,290 - pretrain.py:260 - Pretrain iter 00001: 0.0444106
1970-03-10 07:26:12,310 - pretrain.py:260 - Pretrain iter 00002: 0.0273788
1970-03-10 07:26:12,332 - pretrain.py:260 - Pretrain iter 00003: 0.0196934
1970-03-10 07:26:12,354 - pretrain.py:260 - Pretrain iter 00004: 0.0171241
1970-03-10 07:26:12,378 - pretrain.py:260 - Pretrain iter 00005: 0.0164689
1970-03-10 07:26:12,415 - pretrain.py:260 - Pretrain iter 00006: 0.0159472
1970-03-10 07:26:12,433 - pretrain.py:260 - Pretrain iter 00007: 0.0148605
1970-03-10 07:26:12,452 - pretrain.py:260 - Pretrain iter 00008: 0.0135768
1970-03-10 07:26:12,476 - pretrain.py:260 - Pretrain iter 00009: 0.0128226
1970-03-10 07:26:12,496 - pretrain.py:260 - Pretrain iter 00010: 0.0123108
1970-03-10 07:26:12,515 - pretrain.py:260 - Pretrain iter 00011: 0.0118884
1970-03-10 07:26:12,535 - pretrain.py:260 - Pretrain iter 00012: 0.0113298
1970-03-10 07:26:12,554 - pretrain.py:260 - Pretrain iter 00013: 0.0109234
1970-03-10 07:26:12,574 - pretrain.py:260 - Pretrain iter 00014: 0.0105823
1970-03-10 07:26:12,595 - pretrain.py:260 - Pretrain iter 00015: 0.0102764
1970-03-10 07:26:12,616 - pretrain.py:260 - Pretrain iter 00016: 0.00989349
1970-03-10 07:26:12,637 - pretrain.py:260 - Pretrain iter 00017: 0.00941232
1970-03-10 07:26:12,657 - pretrain.py:260 - Pretrain iter 00018: 0.00911631
1970-03-10 07:26:12,678 - pretrain.py:260 - Pretrain iter 00019: 0.00874902
1970-03-10 07:26:12,699 - pretrain.py:260 - Pretrain iter 00020: 0.00852866
1970-03-10 07:26:12,720 - pretrain.py:260 - Pretrain iter 00021: 0.00831664
1970-03-10 07:26:12,741 - pretrain.py:260 - Pretrain iter 00022: 0.00817935
1970-03-10 07:26:12,762 - pretrain.py:260 - Pretrain iter 00023: 0.00805229
1970-03-10 07:26:12,782 - pretrain.py:260 - Pretrain iter 00024: 0.00784182
1970-03-10 07:26:12,803 - pretrain.py:260 - Pretrain iter 00025: 0.00768854
1970-03-10 07:26:12,824 - pretrain.py:260 - Pretrain iter 00026: 0.0078364
1970-03-10 07:26:12,845 - pretrain.py:260 - Pretrain iter 00027: 0.0076395
1970-03-10 07:26:12,866 - pretrain.py:260 - Pretrain iter 00028: 0.00726267
1970-03-10 07:26:12,886 - pretrain.py:260 - Pretrain iter 00029: 0.00711876
1970-03-10 07:26:12,906 - pretrain.py:260 - Pretrain iter 00030: 0.00690641
1970-03-10 07:26:12,925 - pretrain.py:260 - Pretrain iter 00031: 0.00678021
1970-03-10 07:26:12,944 - pretrain.py:260 - Pretrain iter 00032: 0.00681507
1970-03-10 07:26:12,963 - pretrain.py:260 - Pretrain iter 00033: 0.00672792
1970-03-10 07:26:12,983 - pretrain.py:260 - Pretrain iter 00034: 0.00663307
1970-03-10 07:26:13,002 - pretrain.py:260 - Pretrain iter 00035: 0.00664651
1970-03-10 07:26:13,022 - pretrain.py:260 - Pretrain iter 00036: 0.00636476
1970-03-10 07:26:13,041 - pretrain.py:260 - Pretrain iter 00037: 0.00644155
1970-03-10 07:26:13,061 - pretrain.py:260 - Pretrain iter 00038: 0.00622808
1970-03-10 07:26:13,080 - pretrain.py:260 - Pretrain iter 00039: 0.00595078
1970-03-10 07:26:13,098 - pretrain.py:260 - Pretrain iter 00040: 0.00587644
1970-03-10 07:26:13,115 - pretrain.py:260 - Pretrain iter 00041: 0.00575465
1970-03-10 07:26:13,133 - pretrain.py:260 - Pretrain iter 00042: 0.0056589
1970-03-10 07:26:13,151 - pretrain.py:260 - Pretrain iter 00043: 0.00535956
1970-03-10 07:26:13,175 - pretrain.py:260 - Pretrain iter 00044: 0.00530849
1970-03-10 07:26:13,193 - pretrain.py:260 - Pretrain iter 00045: 0.0052083
1970-03-10 07:26:13,213 - pretrain.py:260 - Pretrain iter 00046: 0.00551631
1970-03-10 07:26:13,232 - pretrain.py:260 - Pretrain iter 00047: 0.00550537
1970-03-10 07:26:13,251 - pretrain.py:260 - Pretrain iter 00048: 0.00540155
1970-03-10 07:26:13,278 - pretrain.py:260 - Pretrain iter 00049: 0.00529158
1970-03-10 07:26:13,299 - pretrain.py:260 - Pretrain iter 00050: 0.00515321
1970-03-10 07:26:13,319 - pretrain.py:260 - Pretrain iter 00051: 0.00491278
1970-03-10 07:26:13,339 - pretrain.py:260 - Pretrain iter 00052: 0.00494015
1970-03-10 07:26:13,359 - pretrain.py:260 - Pretrain iter 00053: 0.00498922
1970-03-10 07:26:13,388 - pretrain.py:260 - Pretrain iter 00054: 0.00461411
1970-03-10 07:26:13,412 - pretrain.py:260 - Pretrain iter 00055: 0.0042814
1970-03-10 07:26:13,433 - pretrain.py:260 - Pretrain iter 00056: 0.00410968
1970-03-10 07:26:13,453 - pretrain.py:260 - Pretrain iter 00057: 0.00395974
1970-03-10 07:26:13,472 - pretrain.py:260 - Pretrain iter 00058: 0.00387887
1970-03-10 07:26:13,492 - pretrain.py:260 - Pretrain iter 00059: 0.00382149
1970-03-10 07:26:13,513 - pretrain.py:260 - Pretrain iter 00060: 0.00360815
1970-03-10 07:26:13,533 - pretrain.py:260 - Pretrain iter 00061: 0.00337217
1970-03-10 07:26:13,553 - pretrain.py:260 - Pretrain iter 00062: 0.00326763
1970-03-10 07:26:13,588 - pretrain.py:260 - Pretrain iter 00063: 0.00330179
1970-03-10 07:26:13,623 - pretrain.py:260 - Pretrain iter 00064: 0.00325148
1970-03-10 07:26:13,642 - pretrain.py:260 - Pretrain iter 00065: 0.00311074
1970-03-10 07:26:13,661 - pretrain.py:260 - Pretrain iter 00066: 0.00298421
1970-03-10 07:26:13,683 - pretrain.py:260 - Pretrain iter 00067: 0.00289646
1970-03-10 07:26:13,703 - pretrain.py:260 - Pretrain iter 00068: 0.00288411
1970-03-10 07:26:13,722 - pretrain.py:260 - Pretrain iter 00069: 0.00278338
1970-03-10 07:26:13,742 - pretrain.py:260 - Pretrain iter 00070: 0.00267028
1970-03-10 07:26:13,763 - pretrain.py:260 - Pretrain iter 00071: 0.00250304
1970-03-10 07:26:13,783 - pretrain.py:260 - Pretrain iter 00072: 0.00261205
1970-03-10 07:26:13,804 - pretrain.py:260 - Pretrain iter 00073: 0.00248422
1970-03-10 07:26:13,826 - pretrain.py:260 - Pretrain iter 00074: 0.00240241
1970-03-10 07:26:13,849 - pretrain.py:260 - Pretrain iter 00075: 0.00226521
1970-03-10 07:26:13,881 - pretrain.py:260 - Pretrain iter 00076: 0.00221291
1970-03-10 07:26:13,912 - pretrain.py:260 - Pretrain iter 00077: 0.00220002
1970-03-10 07:26:13,949 - pretrain.py:260 - Pretrain iter 00078: 0.00204913
1970-03-10 07:26:13,969 - pretrain.py:260 - Pretrain iter 00079: 0.00190484
1970-03-10 07:26:13,990 - pretrain.py:260 - Pretrain iter 00080: 0.00186914
1970-03-10 07:26:14,011 - pretrain.py:260 - Pretrain iter 00081: 0.00179576
1970-03-10 07:26:14,031 - pretrain.py:260 - Pretrain iter 00082: 0.00173152
1970-03-10 07:26:14,051 - pretrain.py:260 - Pretrain iter 00083: 0.00173875
1970-03-10 07:26:14,070 - pretrain.py:260 - Pretrain iter 00084: 0.00163102
1970-03-10 07:26:14,090 - pretrain.py:260 - Pretrain iter 00085: 0.00161828
1970-03-10 07:26:14,110 - pretrain.py:260 - Pretrain iter 00086: 0.00158667
1970-03-10 07:26:14,131 - pretrain.py:260 - Pretrain iter 00087: 0.00156634
1970-03-10 07:26:14,152 - pretrain.py:260 - Pretrain iter 00088: 0.00152771
1970-03-10 07:26:14,171 - pretrain.py:260 - Pretrain iter 00089: 0.00158009
1970-03-10 07:26:14,191 - pretrain.py:260 - Pretrain iter 00090: 0.00154463
1970-03-10 07:26:14,211 - pretrain.py:260 - Pretrain iter 00091: 0.00146251
1970-03-10 07:26:14,230 - pretrain.py:260 - Pretrain iter 00092: 0.00142428
1970-03-10 07:26:14,249 - pretrain.py:260 - Pretrain iter 00093: 0.00141189
1970-03-10 07:26:14,269 - pretrain.py:260 - Pretrain iter 00094: 0.00139121
1970-03-10 07:26:14,288 - pretrain.py:260 - Pretrain iter 00095: 0.0014685
1970-03-10 07:26:14,308 - pretrain.py:260 - Pretrain iter 00096: 0.00149082
1970-03-10 07:26:14,327 - pretrain.py:260 - Pretrain iter 00097: 0.00142501
1970-03-10 07:26:14,347 - pretrain.py:260 - Pretrain iter 00098: 0.00138843
1970-03-10 07:26:14,366 - pretrain.py:260 - Pretrain iter 00099: 0.00132477
1970-03-10 07:26:17,889 - tag_graph_matcher.py:518 - Matching graph pattern scale_and_shift
1970-03-10 07:26:17,938 - tag_graph_matcher.py:518 - Matching graph pattern conv2d_with_bias
1970-03-10 07:26:17,953 - tag_graph_matcher.py:518 - Matching graph pattern dense_with_bias
1970-03-10 07:26:17,969 - tag_graph_matcher.py:518 - Matching graph pattern scale_only
1970-03-10 07:26:17,979 - tag_graph_matcher.py:518 - Matching graph pattern conv2d_no_bias
1970-03-10 07:26:17,985 - tag_graph_matcher.py:518 - Matching graph pattern dense_no_bias
1970-03-10 07:26:17,992 - tag_graph_matcher.py:552 - ==================================================
1970-03-10 07:26:17,992 - tag_graph_matcher.py:553 - Graph parameter registrations:
1970-03-10 07:26:17,992 - tag_graph_matcher.py:554 - [{'double': [{'b': 'Manual[repeated_dense_tag_1]', 'w': 'Manual[repeated_dense_tag_1]'}, {'b': 'Manual[repeated_dense_tag_3]', 'w': 'Manual[repeated_dense_tag_3]'}, {'b': 'Manual[repeated_dense_tag_5]', 'w': 'Manual[repeated_dense_tag_5]'}], 'envelope': [{'pi': 'Auto[scale_only_1]', 'sigma': 'Manual[qmc1_tag_0]'}, {'pi': 'Auto[scale_only_0]', 'sigma': 'Manual[qmc1_tag_1]'}], 'orbital': [{'w': 'Manual[repeated_dense_tag_7]'}, {'w': 'Manual[repeated_dense_tag_8]'}], 'single': [{'b': 'Manual[repeated_dense_tag_0]', 'w': 'Manual[repeated_dense_tag_0]'}, {'b': 'Manual[repeated_dense_tag_2]', 'w': 'Manual[repeated_dense_tag_2]'}, {'b': 'Manual[repeated_dense_tag_4]', 'w': 'Manual[repeated_dense_tag_4]'}, {'b': 'Manual[repeated_dense_tag_6]', 'w': 'Manual[repeated_dense_tag_6]'}]}]
1970-03-10 07:26:17,992 - tag_graph_matcher.py:555 - ==================================================
1970-03-10 07:26:20,351 - myLogging.py:38 - Burning in MCMC chain for 100 steps
1970-03-10 07:26:26,570 - myLogging.py:38 - Completed burn-in MCMC steps
1970-03-10 07:26:35,399 - myLogging.py:38 - Initial energy: [-5.346225 -5.346225 -5.346225 -5.346225] E_h
